2019-07-15 16:40:20,540 - Log4JLogChute initialized using file 'velocity.log'
2019-07-15 16:40:20,541 - Initializing Velocity, Calling init()...
2019-07-15 16:40:20,541 - Starting Apache Velocity v1.7 (compiled: 2010-11-19 12:14:37)
2019-07-15 16:40:20,541 - Default Properties File: org\apache\velocity\runtime\defaults\velocity.properties
2019-07-15 16:40:20,541 - Trying to use logger class org.apache.velocity.runtime.log.AvalonLogChute
2019-07-15 16:40:20,541 - Target log system for org.apache.velocity.runtime.log.AvalonLogChute is not available (java.lang.NoClassDefFoundError: org/apache/log/format/Formatter).  Falling back to next log system...
2019-07-15 16:40:20,541 - Trying to use logger class org.apache.velocity.runtime.log.Log4JLogChute
2019-07-15 16:40:20,542 - Using logger class org.apache.velocity.runtime.log.Log4JLogChute
2019-07-15 16:40:20,555 - ResourceLoader instantiated: org.apache.velocity.runtime.resource.loader.ClasspathResourceLoader
2019-07-15 16:40:20,637 - ResourceCache: initialized (class org.apache.velocity.runtime.resource.ResourceCacheImpl) with class java.util.Collections$SynchronizedMap cache map.
2019-07-15 16:40:20,642 - Loaded System Directive: org.apache.velocity.runtime.directive.Stop
2019-07-15 16:40:20,644 - Loaded System Directive: org.apache.velocity.runtime.directive.Define
2019-07-15 16:40:20,647 - Loaded System Directive: org.apache.velocity.runtime.directive.Break
2019-07-15 16:40:20,650 - Loaded System Directive: org.apache.velocity.runtime.directive.Evaluate
2019-07-15 16:40:20,652 - Loaded System Directive: org.apache.velocity.runtime.directive.Literal
2019-07-15 16:40:20,655 - Loaded System Directive: org.apache.velocity.runtime.directive.Macro
2019-07-15 16:40:20,659 - Loaded System Directive: org.apache.velocity.runtime.directive.Parse
2019-07-15 16:40:20,663 - Loaded System Directive: org.apache.velocity.runtime.directive.Include
2019-07-15 16:40:20,670 - Loaded System Directive: org.apache.velocity.runtime.directive.Foreach
2019-07-15 16:40:21,089 - Created '20' parsers.
2019-07-15 16:40:21,246 - Velocimacro : "velocimacro.library" is not set.  Trying default library: VM_global_library.vm
2019-07-15 16:40:21,251 - Could not load resource 'VM_global_library.vm' from ResourceLoader org.apache.velocity.runtime.resource.loader.ClasspathResourceLoader: ClasspathResourceLoader Error: cannot find resource VM_global_library.vm
2019-07-15 16:40:21,251 - Velocimacro : Default library not found.
2019-07-15 16:40:21,251 - Velocimacro : allowInline = true : VMs can be defined inline in templates
2019-07-15 16:40:21,251 - Velocimacro : allowInlineToOverride = false : VMs defined inline may NOT replace previous VM definitions
2019-07-15 16:40:21,251 - Velocimacro : allowInlineLocal = false : VMs defined inline will be global in scope if allowed.
2019-07-15 16:40:21,251 - Velocimacro : autoload off : VM system will not automatically reload global library macros
2019-07-15 16:40:21,627 - ResourceManager : found /templates/entity.java.vm with loader org.apache.velocity.runtime.resource.loader.ClasspathResourceLoader
2019-07-15 16:40:21,681 - Left side (${versionFieldName}) of '==' operation has null value. If it is a reference, it may not be in the context or its toString() returned null. /templates/entity.java.vm[line 76, column 26]
2019-07-15 16:40:21,682 - Left side (${logicDeleteFieldName}) of '==' operation has null value. If it is a reference, it may not be in the context or its toString() returned null. /templates/entity.java.vm[line 80, column 30]
2019-07-15 16:40:21,682 - Left side (${versionFieldName}) of '==' operation has null value. If it is a reference, it may not be in the context or its toString() returned null. /templates/entity.java.vm[line 76, column 26]
2019-07-15 16:40:21,682 - Left side (${logicDeleteFieldName}) of '==' operation has null value. If it is a reference, it may not be in the context or its toString() returned null. /templates/entity.java.vm[line 80, column 30]
2019-07-15 16:40:21,682 - Left side (${versionFieldName}) of '==' operation has null value. If it is a reference, it may not be in the context or its toString() returned null. /templates/entity.java.vm[line 76, column 26]
2019-07-15 16:40:21,682 - Left side (${logicDeleteFieldName}) of '==' operation has null value. If it is a reference, it may not be in the context or its toString() returned null. /templates/entity.java.vm[line 80, column 30]
2019-07-15 16:40:21,683 - Left side (${versionFieldName}) of '==' operation has null value. If it is a reference, it may not be in the context or its toString() returned null. /templates/entity.java.vm[line 76, column 26]
2019-07-15 16:40:21,683 - Left side (${logicDeleteFieldName}) of '==' operation has null value. If it is a reference, it may not be in the context or its toString() returned null. /templates/entity.java.vm[line 80, column 30]
2019-07-15 16:40:21,683 - Left side (${versionFieldName}) of '==' operation has null value. If it is a reference, it may not be in the context or its toString() returned null. /templates/entity.java.vm[line 76, column 26]
2019-07-15 16:40:21,683 - Left side (${logicDeleteFieldName}) of '==' operation has null value. If it is a reference, it may not be in the context or its toString() returned null. /templates/entity.java.vm[line 80, column 30]
2019-07-15 16:40:21,740 - ResourceManager : found /templates/mapper.java.vm with loader org.apache.velocity.runtime.resource.loader.ClasspathResourceLoader
2019-07-15 16:40:21,757 - ResourceManager : found /templates/mapper.xml.vm with loader org.apache.velocity.runtime.resource.loader.ClasspathResourceLoader
2019-07-15 16:40:21,793 - ResourceManager : found /templates/service.java.vm with loader org.apache.velocity.runtime.resource.loader.ClasspathResourceLoader
2019-07-15 16:40:21,812 - ResourceManager : found /templates/serviceImpl.java.vm with loader org.apache.velocity.runtime.resource.loader.ClasspathResourceLoader
2019-07-15 16:40:21,857 - ResourceManager : found /templates/controller.java.vm with loader org.apache.velocity.runtime.resource.loader.ClasspathResourceLoader
2019-07-15 16:45:01,202 - Log4JLogChute initialized using file 'velocity.log'
2019-07-15 16:45:01,202 - Initializing Velocity, Calling init()...
2019-07-15 16:45:01,203 - Starting Apache Velocity v1.7 (compiled: 2010-11-19 12:14:37)
2019-07-15 16:45:01,203 - Default Properties File: org\apache\velocity\runtime\defaults\velocity.properties
2019-07-15 16:45:01,203 - Trying to use logger class org.apache.velocity.runtime.log.AvalonLogChute
2019-07-15 16:45:01,203 - Target log system for org.apache.velocity.runtime.log.AvalonLogChute is not available (java.lang.NoClassDefFoundError: org/apache/log/format/Formatter).  Falling back to next log system...
2019-07-15 16:45:01,203 - Trying to use logger class org.apache.velocity.runtime.log.Log4JLogChute
2019-07-15 16:45:01,203 - Using logger class org.apache.velocity.runtime.log.Log4JLogChute
2019-07-15 16:45:01,232 - ResourceLoader instantiated: org.apache.velocity.runtime.resource.loader.ClasspathResourceLoader
2019-07-15 16:45:01,283 - ResourceCache: initialized (class org.apache.velocity.runtime.resource.ResourceCacheImpl) with class java.util.Collections$SynchronizedMap cache map.
2019-07-15 16:45:01,290 - Loaded System Directive: org.apache.velocity.runtime.directive.Stop
2019-07-15 16:45:01,292 - Loaded System Directive: org.apache.velocity.runtime.directive.Define
2019-07-15 16:45:01,297 - Loaded System Directive: org.apache.velocity.runtime.directive.Break
2019-07-15 16:45:01,300 - Loaded System Directive: org.apache.velocity.runtime.directive.Evaluate
2019-07-15 16:45:01,304 - Loaded System Directive: org.apache.velocity.runtime.directive.Literal
2019-07-15 16:45:01,310 - Loaded System Directive: org.apache.velocity.runtime.directive.Macro
2019-07-15 16:45:01,313 - Loaded System Directive: org.apache.velocity.runtime.directive.Parse
2019-07-15 16:45:01,319 - Loaded System Directive: org.apache.velocity.runtime.directive.Include
2019-07-15 16:45:01,321 - Loaded System Directive: org.apache.velocity.runtime.directive.Foreach
2019-07-15 16:45:01,384 - Created '20' parsers.
2019-07-15 16:45:01,400 - Velocimacro : "velocimacro.library" is not set.  Trying default library: VM_global_library.vm
2019-07-15 16:45:01,402 - Could not load resource 'VM_global_library.vm' from ResourceLoader org.apache.velocity.runtime.resource.loader.ClasspathResourceLoader: ClasspathResourceLoader Error: cannot find resource VM_global_library.vm
2019-07-15 16:45:01,402 - Velocimacro : Default library not found.
2019-07-15 16:45:01,402 - Velocimacro : allowInline = true : VMs can be defined inline in templates
2019-07-15 16:45:01,402 - Velocimacro : allowInlineToOverride = false : VMs defined inline may NOT replace previous VM definitions
2019-07-15 16:45:01,402 - Velocimacro : allowInlineLocal = false : VMs defined inline will be global in scope if allowed.
2019-07-15 16:45:01,402 - Velocimacro : autoload off : VM system will not automatically reload global library macros
2019-07-15 16:45:01,482 - ResourceManager : found /templates/entity.java.vm with loader org.apache.velocity.runtime.resource.loader.ClasspathResourceLoader
2019-07-15 16:45:01,531 - Left side (${versionFieldName}) of '==' operation has null value. If it is a reference, it may not be in the context or its toString() returned null. /templates/entity.java.vm[line 76, column 26]
2019-07-15 16:45:01,531 - Left side (${logicDeleteFieldName}) of '==' operation has null value. If it is a reference, it may not be in the context or its toString() returned null. /templates/entity.java.vm[line 80, column 30]
2019-07-15 16:45:01,531 - Left side (${versionFieldName}) of '==' operation has null value. If it is a reference, it may not be in the context or its toString() returned null. /templates/entity.java.vm[line 76, column 26]
2019-07-15 16:45:01,531 - Left side (${logicDeleteFieldName}) of '==' operation has null value. If it is a reference, it may not be in the context or its toString() returned null. /templates/entity.java.vm[line 80, column 30]
2019-07-15 16:45:01,532 - Left side (${versionFieldName}) of '==' operation has null value. If it is a reference, it may not be in the context or its toString() returned null. /templates/entity.java.vm[line 76, column 26]
2019-07-15 16:45:01,532 - Left side (${logicDeleteFieldName}) of '==' operation has null value. If it is a reference, it may not be in the context or its toString() returned null. /templates/entity.java.vm[line 80, column 30]
2019-07-15 16:45:01,532 - Left side (${versionFieldName}) of '==' operation has null value. If it is a reference, it may not be in the context or its toString() returned null. /templates/entity.java.vm[line 76, column 26]
2019-07-15 16:45:01,532 - Left side (${logicDeleteFieldName}) of '==' operation has null value. If it is a reference, it may not be in the context or its toString() returned null. /templates/entity.java.vm[line 80, column 30]
2019-07-15 16:45:01,533 - Left side (${versionFieldName}) of '==' operation has null value. If it is a reference, it may not be in the context or its toString() returned null. /templates/entity.java.vm[line 76, column 26]
2019-07-15 16:45:01,533 - Left side (${logicDeleteFieldName}) of '==' operation has null value. If it is a reference, it may not be in the context or its toString() returned null. /templates/entity.java.vm[line 80, column 30]
2019-07-15 16:45:01,599 - ResourceManager : found /templates/mapper.java.vm with loader org.apache.velocity.runtime.resource.loader.ClasspathResourceLoader
2019-07-15 16:45:01,616 - ResourceManager : found /templates/mapper.xml.vm with loader org.apache.velocity.runtime.resource.loader.ClasspathResourceLoader
2019-07-15 16:45:01,630 - ResourceManager : found /templates/service.java.vm with loader org.apache.velocity.runtime.resource.loader.ClasspathResourceLoader
2019-07-15 16:45:01,636 - ResourceManager : found /templates/serviceImpl.java.vm with loader org.apache.velocity.runtime.resource.loader.ClasspathResourceLoader
2019-07-15 16:45:01,653 - ResourceManager : found /templates/controller.java.vm with loader org.apache.velocity.runtime.resource.loader.ClasspathResourceLoader
2019-07-16 15:15:29,852 - Log4JLogChute initialized using file 'velocity.log'
2019-07-16 15:15:29,853 - Initializing Velocity, Calling init()...
2019-07-16 15:15:29,853 - Starting Apache Velocity v1.7 (compiled: 2010-11-19 12:14:37)
2019-07-16 15:15:29,853 - Default Properties File: org\apache\velocity\runtime\defaults\velocity.properties
2019-07-16 15:15:29,853 - Trying to use logger class org.apache.velocity.runtime.log.AvalonLogChute
2019-07-16 15:15:29,853 - Target log system for org.apache.velocity.runtime.log.AvalonLogChute is not available (java.lang.NoClassDefFoundError: org/apache/log/format/Formatter).  Falling back to next log system...
2019-07-16 15:15:29,854 - Trying to use logger class org.apache.velocity.runtime.log.Log4JLogChute
2019-07-16 15:15:29,854 - Using logger class org.apache.velocity.runtime.log.Log4JLogChute
2019-07-16 15:15:29,876 - ResourceLoader instantiated: org.apache.velocity.runtime.resource.loader.ClasspathResourceLoader
2019-07-16 15:15:29,966 - ResourceCache: initialized (class org.apache.velocity.runtime.resource.ResourceCacheImpl) with class java.util.Collections$SynchronizedMap cache map.
2019-07-16 15:15:29,974 - Loaded System Directive: org.apache.velocity.runtime.directive.Stop
2019-07-16 15:15:30,006 - Loaded System Directive: org.apache.velocity.runtime.directive.Define
2019-07-16 15:15:30,008 - Loaded System Directive: org.apache.velocity.runtime.directive.Break
2019-07-16 15:15:30,029 - Loaded System Directive: org.apache.velocity.runtime.directive.Evaluate
2019-07-16 15:15:30,035 - Loaded System Directive: org.apache.velocity.runtime.directive.Literal
2019-07-16 15:15:30,040 - Loaded System Directive: org.apache.velocity.runtime.directive.Macro
2019-07-16 15:15:30,055 - Loaded System Directive: org.apache.velocity.runtime.directive.Parse
2019-07-16 15:15:30,060 - Loaded System Directive: org.apache.velocity.runtime.directive.Include
2019-07-16 15:15:30,063 - Loaded System Directive: org.apache.velocity.runtime.directive.Foreach
2019-07-16 15:15:30,224 - Created '20' parsers.
2019-07-16 15:15:30,256 - Velocimacro : "velocimacro.library" is not set.  Trying default library: VM_global_library.vm
2019-07-16 15:15:30,259 - Could not load resource 'VM_global_library.vm' from ResourceLoader org.apache.velocity.runtime.resource.loader.ClasspathResourceLoader: ClasspathResourceLoader Error: cannot find resource VM_global_library.vm
2019-07-16 15:15:30,259 - Velocimacro : Default library not found.
2019-07-16 15:15:30,259 - Velocimacro : allowInline = true : VMs can be defined inline in templates
2019-07-16 15:15:30,259 - Velocimacro : allowInlineToOverride = false : VMs defined inline may NOT replace previous VM definitions
2019-07-16 15:15:30,259 - Velocimacro : allowInlineLocal = false : VMs defined inline will be global in scope if allowed.
2019-07-16 15:15:30,259 - Velocimacro : autoload off : VM system will not automatically reload global library macros
2019-07-16 15:15:30,352 - ResourceManager : found /templates/entity.java.vm with loader org.apache.velocity.runtime.resource.loader.ClasspathResourceLoader
2019-07-16 15:15:30,379 - Left side (${versionFieldName}) of '==' operation has null value. If it is a reference, it may not be in the context or its toString() returned null. /templates/entity.java.vm[line 76, column 26]
2019-07-16 15:15:30,379 - Left side (${logicDeleteFieldName}) of '==' operation has null value. If it is a reference, it may not be in the context or its toString() returned null. /templates/entity.java.vm[line 80, column 30]
2019-07-16 15:15:30,379 - Left side (${versionFieldName}) of '==' operation has null value. If it is a reference, it may not be in the context or its toString() returned null. /templates/entity.java.vm[line 76, column 26]
2019-07-16 15:15:30,379 - Left side (${logicDeleteFieldName}) of '==' operation has null value. If it is a reference, it may not be in the context or its toString() returned null. /templates/entity.java.vm[line 80, column 30]
2019-07-16 15:15:30,380 - Left side (${versionFieldName}) of '==' operation has null value. If it is a reference, it may not be in the context or its toString() returned null. /templates/entity.java.vm[line 76, column 26]
2019-07-16 15:15:30,380 - Left side (${logicDeleteFieldName}) of '==' operation has null value. If it is a reference, it may not be in the context or its toString() returned null. /templates/entity.java.vm[line 80, column 30]
2019-07-16 15:15:30,380 - Left side (${versionFieldName}) of '==' operation has null value. If it is a reference, it may not be in the context or its toString() returned null. /templates/entity.java.vm[line 76, column 26]
2019-07-16 15:15:30,380 - Left side (${logicDeleteFieldName}) of '==' operation has null value. If it is a reference, it may not be in the context or its toString() returned null. /templates/entity.java.vm[line 80, column 30]
2019-07-16 15:15:30,380 - Left side (${versionFieldName}) of '==' operation has null value. If it is a reference, it may not be in the context or its toString() returned null. /templates/entity.java.vm[line 76, column 26]
2019-07-16 15:15:30,380 - Left side (${logicDeleteFieldName}) of '==' operation has null value. If it is a reference, it may not be in the context or its toString() returned null. /templates/entity.java.vm[line 80, column 30]
2019-07-16 15:15:30,381 - Left side (${versionFieldName}) of '==' operation has null value. If it is a reference, it may not be in the context or its toString() returned null. /templates/entity.java.vm[line 76, column 26]
2019-07-16 15:15:30,382 - Left side (${logicDeleteFieldName}) of '==' operation has null value. If it is a reference, it may not be in the context or its toString() returned null. /templates/entity.java.vm[line 80, column 30]
2019-07-16 15:15:30,382 - Left side (${versionFieldName}) of '==' operation has null value. If it is a reference, it may not be in the context or its toString() returned null. /templates/entity.java.vm[line 76, column 26]
2019-07-16 15:15:30,382 - Left side (${logicDeleteFieldName}) of '==' operation has null value. If it is a reference, it may not be in the context or its toString() returned null. /templates/entity.java.vm[line 80, column 30]
2019-07-16 15:15:30,383 - Left side (${versionFieldName}) of '==' operation has null value. If it is a reference, it may not be in the context or its toString() returned null. /templates/entity.java.vm[line 76, column 26]
2019-07-16 15:15:30,383 - Left side (${logicDeleteFieldName}) of '==' operation has null value. If it is a reference, it may not be in the context or its toString() returned null. /templates/entity.java.vm[line 80, column 30]
2019-07-16 15:15:30,384 - Left side (${versionFieldName}) of '==' operation has null value. If it is a reference, it may not be in the context or its toString() returned null. /templates/entity.java.vm[line 76, column 26]
2019-07-16 15:15:30,384 - Left side (${logicDeleteFieldName}) of '==' operation has null value. If it is a reference, it may not be in the context or its toString() returned null. /templates/entity.java.vm[line 80, column 30]
2019-07-16 15:15:30,384 - Left side (${versionFieldName}) of '==' operation has null value. If it is a reference, it may not be in the context or its toString() returned null. /templates/entity.java.vm[line 76, column 26]
2019-07-16 15:15:30,384 - Left side (${logicDeleteFieldName}) of '==' operation has null value. If it is a reference, it may not be in the context or its toString() returned null. /templates/entity.java.vm[line 80, column 30]
2019-07-16 15:15:30,384 - Left side (${versionFieldName}) of '==' operation has null value. If it is a reference, it may not be in the context or its toString() returned null. /templates/entity.java.vm[line 76, column 26]
2019-07-16 15:15:30,384 - Left side (${logicDeleteFieldName}) of '==' operation has null value. If it is a reference, it may not be in the context or its toString() returned null. /templates/entity.java.vm[line 80, column 30]
2019-07-16 15:15:30,384 - Left side (${versionFieldName}) of '==' operation has null value. If it is a reference, it may not be in the context or its toString() returned null. /templates/entity.java.vm[line 76, column 26]
2019-07-16 15:15:30,384 - Left side (${logicDeleteFieldName}) of '==' operation has null value. If it is a reference, it may not be in the context or its toString() returned null. /templates/entity.java.vm[line 80, column 30]
2019-07-16 15:15:30,385 - Left side (${versionFieldName}) of '==' operation has null value. If it is a reference, it may not be in the context or its toString() returned null. /templates/entity.java.vm[line 76, column 26]
2019-07-16 15:15:30,385 - Left side (${logicDeleteFieldName}) of '==' operation has null value. If it is a reference, it may not be in the context or its toString() returned null. /templates/entity.java.vm[line 80, column 30]
2019-07-16 15:15:30,385 - Left side (${versionFieldName}) of '==' operation has null value. If it is a reference, it may not be in the context or its toString() returned null. /templates/entity.java.vm[line 76, column 26]
2019-07-16 15:15:30,385 - Left side (${logicDeleteFieldName}) of '==' operation has null value. If it is a reference, it may not be in the context or its toString() returned null. /templates/entity.java.vm[line 80, column 30]
2019-07-16 15:15:30,413 - ResourceManager : found /templates/mapper.java.vm with loader org.apache.velocity.runtime.resource.loader.ClasspathResourceLoader
2019-07-16 15:15:30,425 - ResourceManager : found /templates/mapper.xml.vm with loader org.apache.velocity.runtime.resource.loader.ClasspathResourceLoader
2019-07-16 15:15:30,431 - ResourceManager : found /templates/service.java.vm with loader org.apache.velocity.runtime.resource.loader.ClasspathResourceLoader
2019-07-16 15:15:30,439 - ResourceManager : found /templates/serviceImpl.java.vm with loader org.apache.velocity.runtime.resource.loader.ClasspathResourceLoader
2019-07-16 15:15:30,446 - ResourceManager : found /templates/controller.java.vm with loader org.apache.velocity.runtime.resource.loader.ClasspathResourceLoader
2019-07-19 15:40:04,181 - Log4JLogChute initialized using file 'velocity.log'
2019-07-19 15:40:04,182 - Initializing Velocity, Calling init()...
2019-07-19 15:40:04,182 - Starting Apache Velocity v1.7 (compiled: 2010-11-19 12:14:37)
2019-07-19 15:40:04,182 - Default Properties File: org\apache\velocity\runtime\defaults\velocity.properties
2019-07-19 15:40:04,182 - Trying to use logger class org.apache.velocity.runtime.log.AvalonLogChute
2019-07-19 15:40:04,182 - Target log system for org.apache.velocity.runtime.log.AvalonLogChute is not available (java.lang.NoClassDefFoundError: org/apache/log/format/Formatter).  Falling back to next log system...
2019-07-19 15:40:04,182 - Trying to use logger class org.apache.velocity.runtime.log.Log4JLogChute
2019-07-19 15:40:04,182 - Using logger class org.apache.velocity.runtime.log.Log4JLogChute
2019-07-19 15:40:04,190 - ResourceLoader instantiated: org.apache.velocity.runtime.resource.loader.ClasspathResourceLoader
2019-07-19 15:40:04,305 - ResourceCache: initialized (class org.apache.velocity.runtime.resource.ResourceCacheImpl) with class java.util.Collections$SynchronizedMap cache map.
2019-07-19 15:40:04,308 - Loaded System Directive: org.apache.velocity.runtime.directive.Stop
2019-07-19 15:40:04,316 - Loaded System Directive: org.apache.velocity.runtime.directive.Define
2019-07-19 15:40:04,317 - Loaded System Directive: org.apache.velocity.runtime.directive.Break
2019-07-19 15:40:04,320 - Loaded System Directive: org.apache.velocity.runtime.directive.Evaluate
2019-07-19 15:40:04,323 - Loaded System Directive: org.apache.velocity.runtime.directive.Literal
2019-07-19 15:40:04,326 - Loaded System Directive: org.apache.velocity.runtime.directive.Macro
2019-07-19 15:40:04,337 - Loaded System Directive: org.apache.velocity.runtime.directive.Parse
2019-07-19 15:40:04,340 - Loaded System Directive: org.apache.velocity.runtime.directive.Include
2019-07-19 15:40:04,341 - Loaded System Directive: org.apache.velocity.runtime.directive.Foreach
2019-07-19 15:40:04,420 - Created '20' parsers.
2019-07-19 15:40:04,432 - Velocimacro : "velocimacro.library" is not set.  Trying default library: VM_global_library.vm
2019-07-19 15:40:04,434 - Could not load resource 'VM_global_library.vm' from ResourceLoader org.apache.velocity.runtime.resource.loader.ClasspathResourceLoader: ClasspathResourceLoader Error: cannot find resource VM_global_library.vm
2019-07-19 15:40:04,434 - Velocimacro : Default library not found.
2019-07-19 15:40:04,434 - Velocimacro : allowInline = true : VMs can be defined inline in templates
2019-07-19 15:40:04,434 - Velocimacro : allowInlineToOverride = false : VMs defined inline may NOT replace previous VM definitions
2019-07-19 15:40:04,434 - Velocimacro : allowInlineLocal = false : VMs defined inline will be global in scope if allowed.
2019-07-19 15:40:04,434 - Velocimacro : autoload off : VM system will not automatically reload global library macros
2019-07-19 15:40:04,521 - ResourceManager : found /templates/entity.java.vm with loader org.apache.velocity.runtime.resource.loader.ClasspathResourceLoader
2019-07-19 15:40:04,570 - Left side (${versionFieldName}) of '==' operation has null value. If it is a reference, it may not be in the context or its toString() returned null. /templates/entity.java.vm[line 76, column 26]
2019-07-19 15:40:04,570 - Left side (${logicDeleteFieldName}) of '==' operation has null value. If it is a reference, it may not be in the context or its toString() returned null. /templates/entity.java.vm[line 80, column 30]
2019-07-19 15:40:04,571 - Left side (${versionFieldName}) of '==' operation has null value. If it is a reference, it may not be in the context or its toString() returned null. /templates/entity.java.vm[line 76, column 26]
2019-07-19 15:40:04,571 - Left side (${logicDeleteFieldName}) of '==' operation has null value. If it is a reference, it may not be in the context or its toString() returned null. /templates/entity.java.vm[line 80, column 30]
2019-07-19 15:40:04,571 - Left side (${versionFieldName}) of '==' operation has null value. If it is a reference, it may not be in the context or its toString() returned null. /templates/entity.java.vm[line 76, column 26]
2019-07-19 15:40:04,571 - Left side (${logicDeleteFieldName}) of '==' operation has null value. If it is a reference, it may not be in the context or its toString() returned null. /templates/entity.java.vm[line 80, column 30]
2019-07-19 15:40:04,571 - Left side (${versionFieldName}) of '==' operation has null value. If it is a reference, it may not be in the context or its toString() returned null. /templates/entity.java.vm[line 76, column 26]
2019-07-19 15:40:04,572 - Left side (${logicDeleteFieldName}) of '==' operation has null value. If it is a reference, it may not be in the context or its toString() returned null. /templates/entity.java.vm[line 80, column 30]
2019-07-19 15:40:04,572 - Left side (${versionFieldName}) of '==' operation has null value. If it is a reference, it may not be in the context or its toString() returned null. /templates/entity.java.vm[line 76, column 26]
2019-07-19 15:40:04,572 - Left side (${logicDeleteFieldName}) of '==' operation has null value. If it is a reference, it may not be in the context or its toString() returned null. /templates/entity.java.vm[line 80, column 30]
2019-07-19 15:40:04,573 - Left side (${versionFieldName}) of '==' operation has null value. If it is a reference, it may not be in the context or its toString() returned null. /templates/entity.java.vm[line 76, column 26]
2019-07-19 15:40:04,574 - Left side (${logicDeleteFieldName}) of '==' operation has null value. If it is a reference, it may not be in the context or its toString() returned null. /templates/entity.java.vm[line 80, column 30]
2019-07-19 15:40:04,574 - Left side (${versionFieldName}) of '==' operation has null value. If it is a reference, it may not be in the context or its toString() returned null. /templates/entity.java.vm[line 76, column 26]
2019-07-19 15:40:04,574 - Left side (${logicDeleteFieldName}) of '==' operation has null value. If it is a reference, it may not be in the context or its toString() returned null. /templates/entity.java.vm[line 80, column 30]
2019-07-19 15:40:04,576 - Left side (${versionFieldName}) of '==' operation has null value. If it is a reference, it may not be in the context or its toString() returned null. /templates/entity.java.vm[line 76, column 26]
2019-07-19 15:40:04,577 - Left side (${logicDeleteFieldName}) of '==' operation has null value. If it is a reference, it may not be in the context or its toString() returned null. /templates/entity.java.vm[line 80, column 30]
2019-07-19 15:40:04,577 - Left side (${versionFieldName}) of '==' operation has null value. If it is a reference, it may not be in the context or its toString() returned null. /templates/entity.java.vm[line 76, column 26]
2019-07-19 15:40:04,577 - Left side (${logicDeleteFieldName}) of '==' operation has null value. If it is a reference, it may not be in the context or its toString() returned null. /templates/entity.java.vm[line 80, column 30]
2019-07-19 15:40:04,577 - Left side (${versionFieldName}) of '==' operation has null value. If it is a reference, it may not be in the context or its toString() returned null. /templates/entity.java.vm[line 76, column 26]
2019-07-19 15:40:04,577 - Left side (${logicDeleteFieldName}) of '==' operation has null value. If it is a reference, it may not be in the context or its toString() returned null. /templates/entity.java.vm[line 80, column 30]
2019-07-19 15:40:04,577 - Left side (${versionFieldName}) of '==' operation has null value. If it is a reference, it may not be in the context or its toString() returned null. /templates/entity.java.vm[line 76, column 26]
2019-07-19 15:40:04,578 - Left side (${logicDeleteFieldName}) of '==' operation has null value. If it is a reference, it may not be in the context or its toString() returned null. /templates/entity.java.vm[line 80, column 30]
2019-07-19 15:40:04,578 - Left side (${versionFieldName}) of '==' operation has null value. If it is a reference, it may not be in the context or its toString() returned null. /templates/entity.java.vm[line 76, column 26]
2019-07-19 15:40:04,578 - Left side (${logicDeleteFieldName}) of '==' operation has null value. If it is a reference, it may not be in the context or its toString() returned null. /templates/entity.java.vm[line 80, column 30]
2019-07-19 15:40:04,578 - Left side (${versionFieldName}) of '==' operation has null value. If it is a reference, it may not be in the context or its toString() returned null. /templates/entity.java.vm[line 76, column 26]
2019-07-19 15:40:04,578 - Left side (${logicDeleteFieldName}) of '==' operation has null value. If it is a reference, it may not be in the context or its toString() returned null. /templates/entity.java.vm[line 80, column 30]
2019-07-19 15:40:04,579 - Left side (${versionFieldName}) of '==' operation has null value. If it is a reference, it may not be in the context or its toString() returned null. /templates/entity.java.vm[line 76, column 26]
2019-07-19 15:40:04,579 - Left side (${logicDeleteFieldName}) of '==' operation has null value. If it is a reference, it may not be in the context or its toString() returned null. /templates/entity.java.vm[line 80, column 30]
2019-07-19 15:40:04,604 - ResourceManager : found /templates/mapper.java.vm with loader org.apache.velocity.runtime.resource.loader.ClasspathResourceLoader
2019-07-19 15:40:04,612 - ResourceManager : found /templates/mapper.xml.vm with loader org.apache.velocity.runtime.resource.loader.ClasspathResourceLoader
2019-07-19 15:40:04,628 - ResourceManager : found /templates/service.java.vm with loader org.apache.velocity.runtime.resource.loader.ClasspathResourceLoader
2019-07-19 15:40:04,639 - ResourceManager : found /templates/serviceImpl.java.vm with loader org.apache.velocity.runtime.resource.loader.ClasspathResourceLoader
2019-07-19 15:40:04,662 - ResourceManager : found /templates/controller.java.vm with loader org.apache.velocity.runtime.resource.loader.ClasspathResourceLoader
2019-07-19 16:01:09,035 - Log4JLogChute initialized using file 'velocity.log'
2019-07-19 16:01:09,036 - Initializing Velocity, Calling init()...
2019-07-19 16:01:09,036 - Starting Apache Velocity v1.7 (compiled: 2010-11-19 12:14:37)
2019-07-19 16:01:09,036 - Default Properties File: org\apache\velocity\runtime\defaults\velocity.properties
2019-07-19 16:01:09,036 - Trying to use logger class org.apache.velocity.runtime.log.AvalonLogChute
2019-07-19 16:01:09,036 - Target log system for org.apache.velocity.runtime.log.AvalonLogChute is not available (java.lang.NoClassDefFoundError: org/apache/log/format/Formatter).  Falling back to next log system...
2019-07-19 16:01:09,036 - Trying to use logger class org.apache.velocity.runtime.log.Log4JLogChute
2019-07-19 16:01:09,036 - Using logger class org.apache.velocity.runtime.log.Log4JLogChute
2019-07-19 16:01:09,046 - ResourceLoader instantiated: org.apache.velocity.runtime.resource.loader.ClasspathResourceLoader
2019-07-19 16:01:09,109 - ResourceCache: initialized (class org.apache.velocity.runtime.resource.ResourceCacheImpl) with class java.util.Collections$SynchronizedMap cache map.
2019-07-19 16:01:09,112 - Loaded System Directive: org.apache.velocity.runtime.directive.Stop
2019-07-19 16:01:09,116 - Loaded System Directive: org.apache.velocity.runtime.directive.Define
2019-07-19 16:01:09,118 - Loaded System Directive: org.apache.velocity.runtime.directive.Break
2019-07-19 16:01:09,120 - Loaded System Directive: org.apache.velocity.runtime.directive.Evaluate
2019-07-19 16:01:09,122 - Loaded System Directive: org.apache.velocity.runtime.directive.Literal
2019-07-19 16:01:09,126 - Loaded System Directive: org.apache.velocity.runtime.directive.Macro
2019-07-19 16:01:09,130 - Loaded System Directive: org.apache.velocity.runtime.directive.Parse
2019-07-19 16:01:09,134 - Loaded System Directive: org.apache.velocity.runtime.directive.Include
2019-07-19 16:01:09,137 - Loaded System Directive: org.apache.velocity.runtime.directive.Foreach
2019-07-19 16:01:09,223 - Created '20' parsers.
2019-07-19 16:01:09,263 - Velocimacro : "velocimacro.library" is not set.  Trying default library: VM_global_library.vm
2019-07-19 16:01:09,265 - Could not load resource 'VM_global_library.vm' from ResourceLoader org.apache.velocity.runtime.resource.loader.ClasspathResourceLoader: ClasspathResourceLoader Error: cannot find resource VM_global_library.vm
2019-07-19 16:01:09,266 - Velocimacro : Default library not found.
2019-07-19 16:01:09,266 - Velocimacro : allowInline = true : VMs can be defined inline in templates
2019-07-19 16:01:09,266 - Velocimacro : allowInlineToOverride = false : VMs defined inline may NOT replace previous VM definitions
2019-07-19 16:01:09,266 - Velocimacro : allowInlineLocal = false : VMs defined inline will be global in scope if allowed.
2019-07-19 16:01:09,266 - Velocimacro : autoload off : VM system will not automatically reload global library macros
2019-07-19 16:01:09,345 - ResourceManager : found /templates/entity.java.vm with loader org.apache.velocity.runtime.resource.loader.ClasspathResourceLoader
2019-07-19 16:01:09,372 - Left side (${versionFieldName}) of '==' operation has null value. If it is a reference, it may not be in the context or its toString() returned null. /templates/entity.java.vm[line 76, column 26]
2019-07-19 16:01:09,372 - Left side (${logicDeleteFieldName}) of '==' operation has null value. If it is a reference, it may not be in the context or its toString() returned null. /templates/entity.java.vm[line 80, column 30]
2019-07-19 16:01:09,373 - Left side (${versionFieldName}) of '==' operation has null value. If it is a reference, it may not be in the context or its toString() returned null. /templates/entity.java.vm[line 76, column 26]
2019-07-19 16:01:09,373 - Left side (${logicDeleteFieldName}) of '==' operation has null value. If it is a reference, it may not be in the context or its toString() returned null. /templates/entity.java.vm[line 80, column 30]
2019-07-19 16:01:09,373 - Left side (${versionFieldName}) of '==' operation has null value. If it is a reference, it may not be in the context or its toString() returned null. /templates/entity.java.vm[line 76, column 26]
2019-07-19 16:01:09,373 - Left side (${logicDeleteFieldName}) of '==' operation has null value. If it is a reference, it may not be in the context or its toString() returned null. /templates/entity.java.vm[line 80, column 30]
2019-07-19 16:01:09,374 - Left side (${versionFieldName}) of '==' operation has null value. If it is a reference, it may not be in the context or its toString() returned null. /templates/entity.java.vm[line 76, column 26]
2019-07-19 16:01:09,374 - Left side (${logicDeleteFieldName}) of '==' operation has null value. If it is a reference, it may not be in the context or its toString() returned null. /templates/entity.java.vm[line 80, column 30]
2019-07-19 16:01:09,374 - Left side (${versionFieldName}) of '==' operation has null value. If it is a reference, it may not be in the context or its toString() returned null. /templates/entity.java.vm[line 76, column 26]
2019-07-19 16:01:09,374 - Left side (${logicDeleteFieldName}) of '==' operation has null value. If it is a reference, it may not be in the context or its toString() returned null. /templates/entity.java.vm[line 80, column 30]
2019-07-19 16:01:09,376 - Left side (${versionFieldName}) of '==' operation has null value. If it is a reference, it may not be in the context or its toString() returned null. /templates/entity.java.vm[line 76, column 26]
2019-07-19 16:01:09,376 - Left side (${logicDeleteFieldName}) of '==' operation has null value. If it is a reference, it may not be in the context or its toString() returned null. /templates/entity.java.vm[line 80, column 30]
2019-07-19 16:01:09,376 - Left side (${versionFieldName}) of '==' operation has null value. If it is a reference, it may not be in the context or its toString() returned null. /templates/entity.java.vm[line 76, column 26]
2019-07-19 16:01:09,376 - Left side (${logicDeleteFieldName}) of '==' operation has null value. If it is a reference, it may not be in the context or its toString() returned null. /templates/entity.java.vm[line 80, column 30]
2019-07-19 16:01:09,378 - Left side (${versionFieldName}) of '==' operation has null value. If it is a reference, it may not be in the context or its toString() returned null. /templates/entity.java.vm[line 76, column 26]
2019-07-19 16:01:09,379 - Left side (${logicDeleteFieldName}) of '==' operation has null value. If it is a reference, it may not be in the context or its toString() returned null. /templates/entity.java.vm[line 80, column 30]
2019-07-19 16:01:09,379 - Left side (${versionFieldName}) of '==' operation has null value. If it is a reference, it may not be in the context or its toString() returned null. /templates/entity.java.vm[line 76, column 26]
2019-07-19 16:01:09,379 - Left side (${logicDeleteFieldName}) of '==' operation has null value. If it is a reference, it may not be in the context or its toString() returned null. /templates/entity.java.vm[line 80, column 30]
2019-07-19 16:01:09,379 - Left side (${versionFieldName}) of '==' operation has null value. If it is a reference, it may not be in the context or its toString() returned null. /templates/entity.java.vm[line 76, column 26]
2019-07-19 16:01:09,380 - Left side (${logicDeleteFieldName}) of '==' operation has null value. If it is a reference, it may not be in the context or its toString() returned null. /templates/entity.java.vm[line 80, column 30]
2019-07-19 16:01:09,380 - Left side (${versionFieldName}) of '==' operation has null value. If it is a reference, it may not be in the context or its toString() returned null. /templates/entity.java.vm[line 76, column 26]
2019-07-19 16:01:09,380 - Left side (${logicDeleteFieldName}) of '==' operation has null value. If it is a reference, it may not be in the context or its toString() returned null. /templates/entity.java.vm[line 80, column 30]
2019-07-19 16:01:09,420 - ResourceManager : found /templates/mapper.java.vm with loader org.apache.velocity.runtime.resource.loader.ClasspathResourceLoader
2019-07-19 16:01:09,458 - ResourceManager : found /templates/mapper.xml.vm with loader org.apache.velocity.runtime.resource.loader.ClasspathResourceLoader
2019-07-19 16:01:09,467 - ResourceManager : found /templates/service.java.vm with loader org.apache.velocity.runtime.resource.loader.ClasspathResourceLoader
2019-07-19 16:01:09,478 - ResourceManager : found /templates/serviceImpl.java.vm with loader org.apache.velocity.runtime.resource.loader.ClasspathResourceLoader
2019-07-19 16:01:09,487 - ResourceManager : found /templates/controller.java.vm with loader org.apache.velocity.runtime.resource.loader.ClasspathResourceLoader
2019-07-19 20:11:31,549 - Log4JLogChute initialized using file 'velocity.log'
2019-07-19 20:11:31,577 - Initializing Velocity, Calling init()...
2019-07-19 20:11:31,577 - Starting Apache Velocity v1.7 (compiled: 2010-11-19 12:14:37)
2019-07-19 20:11:31,577 - Default Properties File: org\apache\velocity\runtime\defaults\velocity.properties
2019-07-19 20:11:31,577 - Trying to use logger class org.apache.velocity.runtime.log.AvalonLogChute
2019-07-19 20:11:31,577 - Target log system for org.apache.velocity.runtime.log.AvalonLogChute is not available (java.lang.NoClassDefFoundError: org/apache/log/format/Formatter).  Falling back to next log system...
2019-07-19 20:11:31,577 - Trying to use logger class org.apache.velocity.runtime.log.Log4JLogChute
2019-07-19 20:11:31,578 - Using logger class org.apache.velocity.runtime.log.Log4JLogChute
2019-07-19 20:11:31,585 - ResourceLoader instantiated: org.apache.velocity.runtime.resource.loader.ClasspathResourceLoader
2019-07-19 20:11:32,169 - ResourceCache: initialized (class org.apache.velocity.runtime.resource.ResourceCacheImpl) with class java.util.Collections$SynchronizedMap cache map.
2019-07-19 20:11:32,173 - Loaded System Directive: org.apache.velocity.runtime.directive.Stop
2019-07-19 20:11:32,375 - Loaded System Directive: org.apache.velocity.runtime.directive.Define
2019-07-19 20:11:32,376 - Loaded System Directive: org.apache.velocity.runtime.directive.Break
2019-07-19 20:11:32,382 - Loaded System Directive: org.apache.velocity.runtime.directive.Evaluate
2019-07-19 20:11:32,390 - Loaded System Directive: org.apache.velocity.runtime.directive.Literal
2019-07-19 20:11:32,736 - Loaded System Directive: org.apache.velocity.runtime.directive.Macro
2019-07-19 20:11:32,743 - Loaded System Directive: org.apache.velocity.runtime.directive.Parse
2019-07-19 20:11:32,748 - Loaded System Directive: org.apache.velocity.runtime.directive.Include
2019-07-19 20:11:32,752 - Loaded System Directive: org.apache.velocity.runtime.directive.Foreach
2019-07-19 20:11:34,784 - Created '20' parsers.
2019-07-19 20:11:34,799 - Velocimacro : "velocimacro.library" is not set.  Trying default library: VM_global_library.vm
2019-07-19 20:11:34,802 - Could not load resource 'VM_global_library.vm' from ResourceLoader org.apache.velocity.runtime.resource.loader.ClasspathResourceLoader: ClasspathResourceLoader Error: cannot find resource VM_global_library.vm
2019-07-19 20:11:34,802 - Velocimacro : Default library not found.
2019-07-19 20:11:34,802 - Velocimacro : allowInline = true : VMs can be defined inline in templates
2019-07-19 20:11:34,802 - Velocimacro : allowInlineToOverride = false : VMs defined inline may NOT replace previous VM definitions
2019-07-19 20:11:34,802 - Velocimacro : allowInlineLocal = false : VMs defined inline will be global in scope if allowed.
2019-07-19 20:11:34,802 - Velocimacro : autoload off : VM system will not automatically reload global library macros
2019-07-19 20:11:34,916 - ResourceManager : found /templates/entity.java.vm with loader org.apache.velocity.runtime.resource.loader.ClasspathResourceLoader
2019-07-19 20:11:35,115 - Left side (${versionFieldName}) of '==' operation has null value. If it is a reference, it may not be in the context or its toString() returned null. /templates/entity.java.vm[line 76, column 26]
2019-07-19 20:11:35,115 - Left side (${logicDeleteFieldName}) of '==' operation has null value. If it is a reference, it may not be in the context or its toString() returned null. /templates/entity.java.vm[line 80, column 30]
2019-07-19 20:11:35,115 - Left side (${versionFieldName}) of '==' operation has null value. If it is a reference, it may not be in the context or its toString() returned null. /templates/entity.java.vm[line 76, column 26]
2019-07-19 20:11:35,116 - Left side (${logicDeleteFieldName}) of '==' operation has null value. If it is a reference, it may not be in the context or its toString() returned null. /templates/entity.java.vm[line 80, column 30]
2019-07-19 20:11:35,116 - Left side (${versionFieldName}) of '==' operation has null value. If it is a reference, it may not be in the context or its toString() returned null. /templates/entity.java.vm[line 76, column 26]
2019-07-19 20:11:35,116 - Left side (${logicDeleteFieldName}) of '==' operation has null value. If it is a reference, it may not be in the context or its toString() returned null. /templates/entity.java.vm[line 80, column 30]
2019-07-19 20:11:35,116 - Left side (${versionFieldName}) of '==' operation has null value. If it is a reference, it may not be in the context or its toString() returned null. /templates/entity.java.vm[line 76, column 26]
2019-07-19 20:11:35,116 - Left side (${logicDeleteFieldName}) of '==' operation has null value. If it is a reference, it may not be in the context or its toString() returned null. /templates/entity.java.vm[line 80, column 30]
2019-07-19 20:11:35,116 - Left side (${versionFieldName}) of '==' operation has null value. If it is a reference, it may not be in the context or its toString() returned null. /templates/entity.java.vm[line 76, column 26]
2019-07-19 20:11:35,116 - Left side (${logicDeleteFieldName}) of '==' operation has null value. If it is a reference, it may not be in the context or its toString() returned null. /templates/entity.java.vm[line 80, column 30]
2019-07-19 20:11:35,118 - Left side (${versionFieldName}) of '==' operation has null value. If it is a reference, it may not be in the context or its toString() returned null. /templates/entity.java.vm[line 76, column 26]
2019-07-19 20:11:35,118 - Left side (${logicDeleteFieldName}) of '==' operation has null value. If it is a reference, it may not be in the context or its toString() returned null. /templates/entity.java.vm[line 80, column 30]
2019-07-19 20:11:35,119 - Left side (${versionFieldName}) of '==' operation has null value. If it is a reference, it may not be in the context or its toString() returned null. /templates/entity.java.vm[line 76, column 26]
2019-07-19 20:11:35,119 - Left side (${logicDeleteFieldName}) of '==' operation has null value. If it is a reference, it may not be in the context or its toString() returned null. /templates/entity.java.vm[line 80, column 30]
2019-07-19 20:11:35,121 - Left side (${versionFieldName}) of '==' operation has null value. If it is a reference, it may not be in the context or its toString() returned null. /templates/entity.java.vm[line 76, column 26]
2019-07-19 20:11:35,121 - Left side (${logicDeleteFieldName}) of '==' operation has null value. If it is a reference, it may not be in the context or its toString() returned null. /templates/entity.java.vm[line 80, column 30]
2019-07-19 20:11:35,142 - ResourceManager : found /templates/mapper.java.vm with loader org.apache.velocity.runtime.resource.loader.ClasspathResourceLoader
2019-07-19 20:11:35,151 - ResourceManager : found /templates/mapper.xml.vm with loader org.apache.velocity.runtime.resource.loader.ClasspathResourceLoader
2019-07-19 20:11:35,159 - ResourceManager : found /templates/service.java.vm with loader org.apache.velocity.runtime.resource.loader.ClasspathResourceLoader
2019-07-19 20:11:35,168 - ResourceManager : found /templates/serviceImpl.java.vm with loader org.apache.velocity.runtime.resource.loader.ClasspathResourceLoader
2019-07-19 20:11:35,593 - ResourceManager : found /templates/controller.java.vm with loader org.apache.velocity.runtime.resource.loader.ClasspathResourceLoader
2019-07-19 21:19:50,150 - Log4JLogChute initialized using file 'velocity.log'
2019-07-19 21:19:50,151 - Initializing Velocity, Calling init()...
2019-07-19 21:19:50,151 - Starting Apache Velocity v1.7 (compiled: 2010-11-19 12:14:37)
2019-07-19 21:19:50,151 - Default Properties File: org\apache\velocity\runtime\defaults\velocity.properties
2019-07-19 21:19:50,152 - Trying to use logger class org.apache.velocity.runtime.log.AvalonLogChute
2019-07-19 21:19:50,152 - Target log system for org.apache.velocity.runtime.log.AvalonLogChute is not available (java.lang.NoClassDefFoundError: org/apache/log/format/Formatter).  Falling back to next log system...
2019-07-19 21:19:50,152 - Trying to use logger class org.apache.velocity.runtime.log.Log4JLogChute
2019-07-19 21:19:50,152 - Using logger class org.apache.velocity.runtime.log.Log4JLogChute
2019-07-19 21:19:50,171 - ResourceLoader instantiated: org.apache.velocity.runtime.resource.loader.ClasspathResourceLoader
2019-07-19 21:19:50,205 - ResourceCache: initialized (class org.apache.velocity.runtime.resource.ResourceCacheImpl) with class java.util.Collections$SynchronizedMap cache map.
2019-07-19 21:19:50,231 - Loaded System Directive: org.apache.velocity.runtime.directive.Stop
2019-07-19 21:19:50,234 - Loaded System Directive: org.apache.velocity.runtime.directive.Define
2019-07-19 21:19:50,236 - Loaded System Directive: org.apache.velocity.runtime.directive.Break
2019-07-19 21:19:50,238 - Loaded System Directive: org.apache.velocity.runtime.directive.Evaluate
2019-07-19 21:19:50,240 - Loaded System Directive: org.apache.velocity.runtime.directive.Literal
2019-07-19 21:19:50,244 - Loaded System Directive: org.apache.velocity.runtime.directive.Macro
2019-07-19 21:19:50,248 - Loaded System Directive: org.apache.velocity.runtime.directive.Parse
2019-07-19 21:19:50,252 - Loaded System Directive: org.apache.velocity.runtime.directive.Include
2019-07-19 21:19:50,255 - Loaded System Directive: org.apache.velocity.runtime.directive.Foreach
2019-07-19 21:19:50,380 - Created '20' parsers.
2019-07-19 21:19:50,404 - Velocimacro : "velocimacro.library" is not set.  Trying default library: VM_global_library.vm
2019-07-19 21:19:50,406 - Could not load resource 'VM_global_library.vm' from ResourceLoader org.apache.velocity.runtime.resource.loader.ClasspathResourceLoader: ClasspathResourceLoader Error: cannot find resource VM_global_library.vm
2019-07-19 21:19:50,407 - Velocimacro : Default library not found.
2019-07-19 21:19:50,407 - Velocimacro : allowInline = true : VMs can be defined inline in templates
2019-07-19 21:19:50,407 - Velocimacro : allowInlineToOverride = false : VMs defined inline may NOT replace previous VM definitions
2019-07-19 21:19:50,407 - Velocimacro : allowInlineLocal = false : VMs defined inline will be global in scope if allowed.
2019-07-19 21:19:50,407 - Velocimacro : autoload off : VM system will not automatically reload global library macros
2019-07-19 21:19:50,514 - ResourceManager : found /templates/entity.java.vm with loader org.apache.velocity.runtime.resource.loader.ClasspathResourceLoader
2019-07-19 21:19:50,620 - Left side (${versionFieldName}) of '==' operation has null value. If it is a reference, it may not be in the context or its toString() returned null. /templates/entity.java.vm[line 76, column 26]
2019-07-19 21:19:50,620 - Left side (${logicDeleteFieldName}) of '==' operation has null value. If it is a reference, it may not be in the context or its toString() returned null. /templates/entity.java.vm[line 80, column 30]
2019-07-19 21:19:50,620 - Left side (${versionFieldName}) of '==' operation has null value. If it is a reference, it may not be in the context or its toString() returned null. /templates/entity.java.vm[line 76, column 26]
2019-07-19 21:19:50,620 - Left side (${logicDeleteFieldName}) of '==' operation has null value. If it is a reference, it may not be in the context or its toString() returned null. /templates/entity.java.vm[line 80, column 30]
2019-07-19 21:19:50,621 - Left side (${versionFieldName}) of '==' operation has null value. If it is a reference, it may not be in the context or its toString() returned null. /templates/entity.java.vm[line 76, column 26]
2019-07-19 21:19:50,621 - Left side (${logicDeleteFieldName}) of '==' operation has null value. If it is a reference, it may not be in the context or its toString() returned null. /templates/entity.java.vm[line 80, column 30]
2019-07-19 21:19:50,621 - Left side (${versionFieldName}) of '==' operation has null value. If it is a reference, it may not be in the context or its toString() returned null. /templates/entity.java.vm[line 76, column 26]
2019-07-19 21:19:50,621 - Left side (${logicDeleteFieldName}) of '==' operation has null value. If it is a reference, it may not be in the context or its toString() returned null. /templates/entity.java.vm[line 80, column 30]
2019-07-19 21:19:50,622 - Left side (${versionFieldName}) of '==' operation has null value. If it is a reference, it may not be in the context or its toString() returned null. /templates/entity.java.vm[line 76, column 26]
2019-07-19 21:19:50,622 - Left side (${logicDeleteFieldName}) of '==' operation has null value. If it is a reference, it may not be in the context or its toString() returned null. /templates/entity.java.vm[line 80, column 30]
2019-07-19 21:19:50,623 - Left side (${versionFieldName}) of '==' operation has null value. If it is a reference, it may not be in the context or its toString() returned null. /templates/entity.java.vm[line 76, column 26]
2019-07-19 21:19:50,623 - Left side (${logicDeleteFieldName}) of '==' operation has null value. If it is a reference, it may not be in the context or its toString() returned null. /templates/entity.java.vm[line 80, column 30]
2019-07-19 21:19:50,625 - Left side (${versionFieldName}) of '==' operation has null value. If it is a reference, it may not be in the context or its toString() returned null. /templates/entity.java.vm[line 76, column 26]
2019-07-19 21:19:50,626 - Left side (${logicDeleteFieldName}) of '==' operation has null value. If it is a reference, it may not be in the context or its toString() returned null. /templates/entity.java.vm[line 80, column 30]
2019-07-19 21:19:50,629 - Left side (${versionFieldName}) of '==' operation has null value. If it is a reference, it may not be in the context or its toString() returned null. /templates/entity.java.vm[line 76, column 26]
2019-07-19 21:19:50,629 - Left side (${logicDeleteFieldName}) of '==' operation has null value. If it is a reference, it may not be in the context or its toString() returned null. /templates/entity.java.vm[line 80, column 30]
2019-07-19 21:19:50,692 - Left side (${versionFieldName}) of '==' operation has null value. If it is a reference, it may not be in the context or its toString() returned null. /templates/entity.java.vm[line 76, column 26]
2019-07-19 21:19:50,694 - Left side (${logicDeleteFieldName}) of '==' operation has null value. If it is a reference, it may not be in the context or its toString() returned null. /templates/entity.java.vm[line 80, column 30]
2019-07-19 21:19:50,746 - ResourceManager : found /templates/mapper.java.vm with loader org.apache.velocity.runtime.resource.loader.ClasspathResourceLoader
2019-07-19 21:19:50,756 - ResourceManager : found /templates/mapper.xml.vm with loader org.apache.velocity.runtime.resource.loader.ClasspathResourceLoader
2019-07-19 21:19:50,769 - ResourceManager : found /templates/service.java.vm with loader org.apache.velocity.runtime.resource.loader.ClasspathResourceLoader
2019-07-19 21:19:50,789 - ResourceManager : found /templates/serviceImpl.java.vm with loader org.apache.velocity.runtime.resource.loader.ClasspathResourceLoader
2019-07-19 21:19:50,796 - ResourceManager : found /templates/controller.java.vm with loader org.apache.velocity.runtime.resource.loader.ClasspathResourceLoader
2019-07-20 17:14:56,548 - Log4JLogChute initialized using file 'velocity.log'
2019-07-20 17:14:56,592 - Initializing Velocity, Calling init()...
2019-07-20 17:14:56,592 - Starting Apache Velocity v1.7 (compiled: 2010-11-19 12:14:37)
2019-07-20 17:14:56,592 - Default Properties File: org\apache\velocity\runtime\defaults\velocity.properties
2019-07-20 17:14:56,592 - Trying to use logger class org.apache.velocity.runtime.log.AvalonLogChute
2019-07-20 17:14:56,592 - Target log system for org.apache.velocity.runtime.log.AvalonLogChute is not available (java.lang.NoClassDefFoundError: org/apache/log/format/Formatter).  Falling back to next log system...
2019-07-20 17:14:56,592 - Trying to use logger class org.apache.velocity.runtime.log.Log4JLogChute
2019-07-20 17:14:56,592 - Using logger class org.apache.velocity.runtime.log.Log4JLogChute
2019-07-20 17:14:56,602 - ResourceLoader instantiated: org.apache.velocity.runtime.resource.loader.ClasspathResourceLoader
2019-07-20 17:14:56,667 - ResourceCache: initialized (class org.apache.velocity.runtime.resource.ResourceCacheImpl) with class java.util.Collections$SynchronizedMap cache map.
2019-07-20 17:14:56,669 - Loaded System Directive: org.apache.velocity.runtime.directive.Stop
2019-07-20 17:14:56,671 - Loaded System Directive: org.apache.velocity.runtime.directive.Define
2019-07-20 17:14:56,672 - Loaded System Directive: org.apache.velocity.runtime.directive.Break
2019-07-20 17:14:56,673 - Loaded System Directive: org.apache.velocity.runtime.directive.Evaluate
2019-07-20 17:14:56,686 - Loaded System Directive: org.apache.velocity.runtime.directive.Literal
2019-07-20 17:14:56,689 - Loaded System Directive: org.apache.velocity.runtime.directive.Macro
2019-07-20 17:14:56,692 - Loaded System Directive: org.apache.velocity.runtime.directive.Parse
2019-07-20 17:14:56,695 - Loaded System Directive: org.apache.velocity.runtime.directive.Include
2019-07-20 17:14:56,697 - Loaded System Directive: org.apache.velocity.runtime.directive.Foreach
2019-07-20 17:14:56,778 - Created '20' parsers.
2019-07-20 17:14:56,790 - Velocimacro : "velocimacro.library" is not set.  Trying default library: VM_global_library.vm
2019-07-20 17:14:56,792 - Could not load resource 'VM_global_library.vm' from ResourceLoader org.apache.velocity.runtime.resource.loader.ClasspathResourceLoader: ClasspathResourceLoader Error: cannot find resource VM_global_library.vm
2019-07-20 17:14:56,792 - Velocimacro : Default library not found.
2019-07-20 17:14:56,792 - Velocimacro : allowInline = true : VMs can be defined inline in templates
2019-07-20 17:14:56,792 - Velocimacro : allowInlineToOverride = false : VMs defined inline may NOT replace previous VM definitions
2019-07-20 17:14:56,792 - Velocimacro : allowInlineLocal = false : VMs defined inline will be global in scope if allowed.
2019-07-20 17:14:56,793 - Velocimacro : autoload off : VM system will not automatically reload global library macros
2019-07-20 17:14:56,847 - ResourceManager : found /templates/entity.java.vm with loader org.apache.velocity.runtime.resource.loader.ClasspathResourceLoader
2019-07-20 17:14:56,866 - Left side (${versionFieldName}) of '==' operation has null value. If it is a reference, it may not be in the context or its toString() returned null. /templates/entity.java.vm[line 76, column 26]
2019-07-20 17:14:56,866 - Left side (${logicDeleteFieldName}) of '==' operation has null value. If it is a reference, it may not be in the context or its toString() returned null. /templates/entity.java.vm[line 80, column 30]
2019-07-20 17:14:56,867 - Left side (${versionFieldName}) of '==' operation has null value. If it is a reference, it may not be in the context or its toString() returned null. /templates/entity.java.vm[line 76, column 26]
2019-07-20 17:14:56,867 - Left side (${logicDeleteFieldName}) of '==' operation has null value. If it is a reference, it may not be in the context or its toString() returned null. /templates/entity.java.vm[line 80, column 30]
2019-07-20 17:14:56,867 - Left side (${versionFieldName}) of '==' operation has null value. If it is a reference, it may not be in the context or its toString() returned null. /templates/entity.java.vm[line 76, column 26]
2019-07-20 17:14:56,867 - Left side (${logicDeleteFieldName}) of '==' operation has null value. If it is a reference, it may not be in the context or its toString() returned null. /templates/entity.java.vm[line 80, column 30]
2019-07-20 17:14:56,899 - ResourceManager : found /templates/mapper.java.vm with loader org.apache.velocity.runtime.resource.loader.ClasspathResourceLoader
2019-07-20 17:14:56,907 - ResourceManager : found /templates/mapper.xml.vm with loader org.apache.velocity.runtime.resource.loader.ClasspathResourceLoader
2019-07-20 17:14:56,914 - ResourceManager : found /templates/service.java.vm with loader org.apache.velocity.runtime.resource.loader.ClasspathResourceLoader
2019-07-20 17:14:56,920 - ResourceManager : found /templates/serviceImpl.java.vm with loader org.apache.velocity.runtime.resource.loader.ClasspathResourceLoader
2019-07-20 17:14:56,953 - ResourceManager : found /templates/controller.java.vm with loader org.apache.velocity.runtime.resource.loader.ClasspathResourceLoader
