2019-07-16 13:17:40.976  INFO 12800 --- [main] c.s.guns.user.GunsUserApplication        : Starting GunsUserApplication on ms-20190217jajz with PID 12800 (F:\mygit\reposiry1\myMicroserviceProject\MicroserviceProject\guns-user\target\classes started by Administrator in F:\mygit\reposiry1\myMicroserviceProject\MicroserviceProject)
2019-07-16 13:17:40.994 DEBUG 12800 --- [main] c.s.guns.user.GunsUserApplication        : Running with Spring Boot v2.0.1.RELEASE, Spring v5.0.5.RELEASE
2019-07-16 13:17:41.003  INFO 12800 --- [main] c.s.guns.user.GunsUserApplication        : No active profile set, falling back to default profiles: default
2019-07-16 13:17:41.343  INFO 12800 --- [main] ConfigServletWebServerApplicationContext : Refreshing org.springframework.boot.web.servlet.context.AnnotationConfigServletWebServerApplicationContext@36902638: startup date [Tue Jul 16 13:17:41 GMT+08:00 2019]; root of context hierarchy
2019-07-16 13:17:45.989  WARN 12800 --- [main] ConfigServletWebServerApplicationContext : Exception encountered during context initialization - cancelling refresh attempt: org.springframework.beans.factory.BeanDefinitionStoreException: Failed to parse configuration class [com.stylefeng.guns.rest.GunsUserApplication]; nested exception is org.springframework.context.annotation.ConflictingBeanDefinitionException: Annotation-specified bean name 'globalExceptionHandler' for bean class [com.stylefeng.guns.rest.common.aop.GlobalExceptionHandler] conflicts with existing, non-compatible bean definition of same name and class [com.stylefeng.guns.rest.common.aop.GlobalExceptionHandler]
2019-07-16 13:17:46.001  INFO 12800 --- [main] ConditionEvaluationReportLoggingListener : 

Error starting ApplicationContext. To display the conditions report re-run your application with 'debug' enabled.
2019-07-16 13:17:46.347 ERROR 12800 --- [main] o.s.boot.SpringApplication               : Application run failed

org.springframework.beans.factory.BeanDefinitionStoreException: Failed to parse configuration class [com.stylefeng.guns.rest.GunsUserApplication]; nested exception is org.springframework.context.annotation.ConflictingBeanDefinitionException: Annotation-specified bean name 'globalExceptionHandler' for bean class [com.stylefeng.guns.rest.common.aop.GlobalExceptionHandler] conflicts with existing, non-compatible bean definition of same name and class [com.stylefeng.guns.rest.common.aop.GlobalExceptionHandler]
	at org.springframework.context.annotation.ConfigurationClassParser.parse(ConfigurationClassParser.java:184) ~[spring-context-5.0.5.RELEASE.jar:5.0.5.RELEASE]
	at org.springframework.context.annotation.ConfigurationClassPostProcessor.processConfigBeanDefinitions(ConfigurationClassPostProcessor.java:316) ~[spring-context-5.0.5.RELEASE.jar:5.0.5.RELEASE]
	at org.springframework.context.annotation.ConfigurationClassPostProcessor.postProcessBeanDefinitionRegistry(ConfigurationClassPostProcessor.java:233) ~[spring-context-5.0.5.RELEASE.jar:5.0.5.RELEASE]
	at org.springframework.context.support.PostProcessorRegistrationDelegate.invokeBeanDefinitionRegistryPostProcessors(PostProcessorRegistrationDelegate.java:273) ~[spring-context-5.0.5.RELEASE.jar:5.0.5.RELEASE]
	at org.springframework.context.support.PostProcessorRegistrationDelegate.invokeBeanFactoryPostProcessors(PostProcessorRegistrationDelegate.java:93) ~[spring-context-5.0.5.RELEASE.jar:5.0.5.RELEASE]
	at org.springframework.context.support.AbstractApplicationContext.invokeBeanFactoryPostProcessors(AbstractApplicationContext.java:694) ~[spring-context-5.0.5.RELEASE.jar:5.0.5.RELEASE]
	at org.springframework.context.support.AbstractApplicationContext.refresh(AbstractApplicationContext.java:532) ~[spring-context-5.0.5.RELEASE.jar:5.0.5.RELEASE]
	at org.springframework.boot.web.servlet.context.ServletWebServerApplicationContext.refresh(ServletWebServerApplicationContext.java:140) ~[spring-boot-2.0.1.RELEASE.jar:2.0.1.RELEASE]
	at org.springframework.boot.SpringApplication.refresh(SpringApplication.java:759) [spring-boot-2.0.1.RELEASE.jar:2.0.1.RELEASE]
	at org.springframework.boot.SpringApplication.refreshContext(SpringApplication.java:395) [spring-boot-2.0.1.RELEASE.jar:2.0.1.RELEASE]
	at org.springframework.boot.SpringApplication.run(SpringApplication.java:327) [spring-boot-2.0.1.RELEASE.jar:2.0.1.RELEASE]
	at org.springframework.boot.SpringApplication.run(SpringApplication.java:1255) [spring-boot-2.0.1.RELEASE.jar:2.0.1.RELEASE]
	at org.springframework.boot.SpringApplication.run(SpringApplication.java:1243) [spring-boot-2.0.1.RELEASE.jar:2.0.1.RELEASE]
	at com.stylefeng.guns.rest.GunsUserApplication.main(GunsUserApplication.java:10) [classes/:na]
Caused by: org.springframework.context.annotation.ConflictingBeanDefinitionException: Annotation-specified bean name 'globalExceptionHandler' for bean class [com.stylefeng.guns.rest.common.aop.GlobalExceptionHandler] conflicts with existing, non-compatible bean definition of same name and class [com.stylefeng.guns.rest.common.aop.GlobalExceptionHandler]
	at org.springframework.context.annotation.ClassPathBeanDefinitionScanner.checkCandidate(ClassPathBeanDefinitionScanner.java:348) ~[spring-context-5.0.5.RELEASE.jar:5.0.5.RELEASE]
	at org.springframework.context.annotation.ClassPathBeanDefinitionScanner.doScan(ClassPathBeanDefinitionScanner.java:286) ~[spring-context-5.0.5.RELEASE.jar:5.0.5.RELEASE]
	at org.springframework.context.annotation.ComponentScanAnnotationParser.parse(ComponentScanAnnotationParser.java:132) ~[spring-context-5.0.5.RELEASE.jar:5.0.5.RELEASE]
	at org.springframework.context.annotation.ConfigurationClassParser.doProcessConfigurationClass(ConfigurationClassParser.java:288) ~[spring-context-5.0.5.RELEASE.jar:5.0.5.RELEASE]
	at org.springframework.context.annotation.ConfigurationClassParser.processConfigurationClass(ConfigurationClassParser.java:245) ~[spring-context-5.0.5.RELEASE.jar:5.0.5.RELEASE]
	at org.springframework.context.annotation.ConfigurationClassParser.parse(ConfigurationClassParser.java:202) ~[spring-context-5.0.5.RELEASE.jar:5.0.5.RELEASE]
	at org.springframework.context.annotation.ConfigurationClassParser.parse(ConfigurationClassParser.java:170) ~[spring-context-5.0.5.RELEASE.jar:5.0.5.RELEASE]
	... 13 common frames omitted

2019-07-16 13:20:45.912  INFO 12804 --- [main] c.s.guns.user.GunsUserApplication        : Starting GunsUserApplication on ms-20190217jajz with PID 12804 (F:\mygit\reposiry1\myMicroserviceProject\MicroserviceProject\guns-user\target\classes started by Administrator in F:\mygit\reposiry1\myMicroserviceProject\MicroserviceProject)
2019-07-16 13:20:45.921 DEBUG 12804 --- [main] c.s.guns.user.GunsUserApplication        : Running with Spring Boot v2.0.1.RELEASE, Spring v5.0.5.RELEASE
2019-07-16 13:20:45.927  INFO 12804 --- [main] c.s.guns.user.GunsUserApplication        : No active profile set, falling back to default profiles: default
2019-07-16 13:20:46.040  INFO 12804 --- [main] ConfigServletWebServerApplicationContext : Refreshing org.springframework.boot.web.servlet.context.AnnotationConfigServletWebServerApplicationContext@3a93b025: startup date [Tue Jul 16 13:20:46 GMT+08:00 2019]; root of context hierarchy
2019-07-16 13:20:47.703  WARN 12804 --- [main] ConfigServletWebServerApplicationContext : Exception encountered during context initialization - cancelling refresh attempt: org.springframework.beans.factory.BeanDefinitionStoreException: Failed to parse configuration class [com.stylefeng.guns.rest.GunsUserApplication]; nested exception is org.springframework.context.annotation.ConflictingBeanDefinitionException: Annotation-specified bean name 'globalExceptionHandler' for bean class [com.stylefeng.guns.rest.common.aop.GlobalExceptionHandler] conflicts with existing, non-compatible bean definition of same name and class [com.stylefeng.guns.rest.common.aop.GlobalExceptionHandler]
2019-07-16 13:20:47.718  INFO 12804 --- [main] ConditionEvaluationReportLoggingListener : 

Error starting ApplicationContext. To display the conditions report re-run your application with 'debug' enabled.
2019-07-16 13:20:47.766 ERROR 12804 --- [main] o.s.boot.SpringApplication               : Application run failed

org.springframework.beans.factory.BeanDefinitionStoreException: Failed to parse configuration class [com.stylefeng.guns.rest.GunsUserApplication]; nested exception is org.springframework.context.annotation.ConflictingBeanDefinitionException: Annotation-specified bean name 'globalExceptionHandler' for bean class [com.stylefeng.guns.rest.common.aop.GlobalExceptionHandler] conflicts with existing, non-compatible bean definition of same name and class [com.stylefeng.guns.rest.common.aop.GlobalExceptionHandler]
	at org.springframework.context.annotation.ConfigurationClassParser.parse(ConfigurationClassParser.java:184) ~[spring-context-5.0.5.RELEASE.jar:5.0.5.RELEASE]
	at org.springframework.context.annotation.ConfigurationClassPostProcessor.processConfigBeanDefinitions(ConfigurationClassPostProcessor.java:316) ~[spring-context-5.0.5.RELEASE.jar:5.0.5.RELEASE]
	at org.springframework.context.annotation.ConfigurationClassPostProcessor.postProcessBeanDefinitionRegistry(ConfigurationClassPostProcessor.java:233) ~[spring-context-5.0.5.RELEASE.jar:5.0.5.RELEASE]
	at org.springframework.context.support.PostProcessorRegistrationDelegate.invokeBeanDefinitionRegistryPostProcessors(PostProcessorRegistrationDelegate.java:273) ~[spring-context-5.0.5.RELEASE.jar:5.0.5.RELEASE]
	at org.springframework.context.support.PostProcessorRegistrationDelegate.invokeBeanFactoryPostProcessors(PostProcessorRegistrationDelegate.java:93) ~[spring-context-5.0.5.RELEASE.jar:5.0.5.RELEASE]
	at org.springframework.context.support.AbstractApplicationContext.invokeBeanFactoryPostProcessors(AbstractApplicationContext.java:694) ~[spring-context-5.0.5.RELEASE.jar:5.0.5.RELEASE]
	at org.springframework.context.support.AbstractApplicationContext.refresh(AbstractApplicationContext.java:532) ~[spring-context-5.0.5.RELEASE.jar:5.0.5.RELEASE]
	at org.springframework.boot.web.servlet.context.ServletWebServerApplicationContext.refresh(ServletWebServerApplicationContext.java:140) ~[spring-boot-2.0.1.RELEASE.jar:2.0.1.RELEASE]
	at org.springframework.boot.SpringApplication.refresh(SpringApplication.java:759) [spring-boot-2.0.1.RELEASE.jar:2.0.1.RELEASE]
	at org.springframework.boot.SpringApplication.refreshContext(SpringApplication.java:395) [spring-boot-2.0.1.RELEASE.jar:2.0.1.RELEASE]
	at org.springframework.boot.SpringApplication.run(SpringApplication.java:327) [spring-boot-2.0.1.RELEASE.jar:2.0.1.RELEASE]
	at org.springframework.boot.SpringApplication.run(SpringApplication.java:1255) [spring-boot-2.0.1.RELEASE.jar:2.0.1.RELEASE]
	at org.springframework.boot.SpringApplication.run(SpringApplication.java:1243) [spring-boot-2.0.1.RELEASE.jar:2.0.1.RELEASE]
	at com.stylefeng.guns.rest.GunsUserApplication.main(GunsUserApplication.java:10) [classes/:na]
Caused by: org.springframework.context.annotation.ConflictingBeanDefinitionException: Annotation-specified bean name 'globalExceptionHandler' for bean class [com.stylefeng.guns.rest.common.aop.GlobalExceptionHandler] conflicts with existing, non-compatible bean definition of same name and class [com.stylefeng.guns.rest.common.aop.GlobalExceptionHandler]
	at org.springframework.context.annotation.ClassPathBeanDefinitionScanner.checkCandidate(ClassPathBeanDefinitionScanner.java:348) ~[spring-context-5.0.5.RELEASE.jar:5.0.5.RELEASE]
	at org.springframework.context.annotation.ClassPathBeanDefinitionScanner.doScan(ClassPathBeanDefinitionScanner.java:286) ~[spring-context-5.0.5.RELEASE.jar:5.0.5.RELEASE]
	at org.springframework.context.annotation.ComponentScanAnnotationParser.parse(ComponentScanAnnotationParser.java:132) ~[spring-context-5.0.5.RELEASE.jar:5.0.5.RELEASE]
	at org.springframework.context.annotation.ConfigurationClassParser.doProcessConfigurationClass(ConfigurationClassParser.java:288) ~[spring-context-5.0.5.RELEASE.jar:5.0.5.RELEASE]
	at org.springframework.context.annotation.ConfigurationClassParser.processConfigurationClass(ConfigurationClassParser.java:245) ~[spring-context-5.0.5.RELEASE.jar:5.0.5.RELEASE]
	at org.springframework.context.annotation.ConfigurationClassParser.parse(ConfigurationClassParser.java:202) ~[spring-context-5.0.5.RELEASE.jar:5.0.5.RELEASE]
	at org.springframework.context.annotation.ConfigurationClassParser.parse(ConfigurationClassParser.java:170) ~[spring-context-5.0.5.RELEASE.jar:5.0.5.RELEASE]
	... 13 common frames omitted

2019-07-16 13:21:59.564  INFO 12444 --- [main] c.s.guns.user.GunsUserApplication        : Starting GunsUserApplication on ms-20190217jajz with PID 12444 (F:\mygit\reposiry1\myMicroserviceProject\MicroserviceProject\guns-user\target\classes started by Administrator in F:\mygit\reposiry1\myMicroserviceProject\MicroserviceProject)
2019-07-16 13:21:59.576 DEBUG 12444 --- [main] c.s.guns.user.GunsUserApplication        : Running with Spring Boot v2.0.1.RELEASE, Spring v5.0.5.RELEASE
2019-07-16 13:21:59.581  INFO 12444 --- [main] c.s.guns.user.GunsUserApplication        : No active profile set, falling back to default profiles: default
2019-07-16 13:21:59.753  INFO 12444 --- [main] ConfigServletWebServerApplicationContext : Refreshing org.springframework.boot.web.servlet.context.AnnotationConfigServletWebServerApplicationContext@70f59913: startup date [Tue Jul 16 13:21:59 GMT+08:00 2019]; root of context hierarchy
2019-07-16 13:22:01.559  WARN 12444 --- [main] ConfigServletWebServerApplicationContext : Exception encountered during context initialization - cancelling refresh attempt: org.springframework.beans.factory.BeanDefinitionStoreException: Failed to parse configuration class [com.stylefeng.guns.rest.GunsUserApplication]; nested exception is org.springframework.context.annotation.ConflictingBeanDefinitionException: Annotation-specified bean name 'globalExceptionHandler' for bean class [com.stylefeng.guns.rest.common.aop.GlobalExceptionHandler] conflicts with existing, non-compatible bean definition of same name and class [com.stylefeng.guns.rest.common.aop.GlobalExceptionHandler]
2019-07-16 13:22:01.580  INFO 12444 --- [main] ConditionEvaluationReportLoggingListener : 

Error starting ApplicationContext. To display the conditions report re-run your application with 'debug' enabled.
2019-07-16 13:22:01.627 ERROR 12444 --- [main] o.s.boot.SpringApplication               : Application run failed

org.springframework.beans.factory.BeanDefinitionStoreException: Failed to parse configuration class [com.stylefeng.guns.rest.GunsUserApplication]; nested exception is org.springframework.context.annotation.ConflictingBeanDefinitionException: Annotation-specified bean name 'globalExceptionHandler' for bean class [com.stylefeng.guns.rest.common.aop.GlobalExceptionHandler] conflicts with existing, non-compatible bean definition of same name and class [com.stylefeng.guns.rest.common.aop.GlobalExceptionHandler]
	at org.springframework.context.annotation.ConfigurationClassParser.parse(ConfigurationClassParser.java:184) ~[spring-context-5.0.5.RELEASE.jar:5.0.5.RELEASE]
	at org.springframework.context.annotation.ConfigurationClassPostProcessor.processConfigBeanDefinitions(ConfigurationClassPostProcessor.java:316) ~[spring-context-5.0.5.RELEASE.jar:5.0.5.RELEASE]
	at org.springframework.context.annotation.ConfigurationClassPostProcessor.postProcessBeanDefinitionRegistry(ConfigurationClassPostProcessor.java:233) ~[spring-context-5.0.5.RELEASE.jar:5.0.5.RELEASE]
	at org.springframework.context.support.PostProcessorRegistrationDelegate.invokeBeanDefinitionRegistryPostProcessors(PostProcessorRegistrationDelegate.java:273) ~[spring-context-5.0.5.RELEASE.jar:5.0.5.RELEASE]
	at org.springframework.context.support.PostProcessorRegistrationDelegate.invokeBeanFactoryPostProcessors(PostProcessorRegistrationDelegate.java:93) ~[spring-context-5.0.5.RELEASE.jar:5.0.5.RELEASE]
	at org.springframework.context.support.AbstractApplicationContext.invokeBeanFactoryPostProcessors(AbstractApplicationContext.java:694) ~[spring-context-5.0.5.RELEASE.jar:5.0.5.RELEASE]
	at org.springframework.context.support.AbstractApplicationContext.refresh(AbstractApplicationContext.java:532) ~[spring-context-5.0.5.RELEASE.jar:5.0.5.RELEASE]
	at org.springframework.boot.web.servlet.context.ServletWebServerApplicationContext.refresh(ServletWebServerApplicationContext.java:140) ~[spring-boot-2.0.1.RELEASE.jar:2.0.1.RELEASE]
	at org.springframework.boot.SpringApplication.refresh(SpringApplication.java:759) [spring-boot-2.0.1.RELEASE.jar:2.0.1.RELEASE]
	at org.springframework.boot.SpringApplication.refreshContext(SpringApplication.java:395) [spring-boot-2.0.1.RELEASE.jar:2.0.1.RELEASE]
	at org.springframework.boot.SpringApplication.run(SpringApplication.java:327) [spring-boot-2.0.1.RELEASE.jar:2.0.1.RELEASE]
	at org.springframework.boot.SpringApplication.run(SpringApplication.java:1255) [spring-boot-2.0.1.RELEASE.jar:2.0.1.RELEASE]
	at org.springframework.boot.SpringApplication.run(SpringApplication.java:1243) [spring-boot-2.0.1.RELEASE.jar:2.0.1.RELEASE]
	at com.stylefeng.guns.rest.GunsUserApplication.main(GunsUserApplication.java:10) [classes/:na]
Caused by: org.springframework.context.annotation.ConflictingBeanDefinitionException: Annotation-specified bean name 'globalExceptionHandler' for bean class [com.stylefeng.guns.rest.common.aop.GlobalExceptionHandler] conflicts with existing, non-compatible bean definition of same name and class [com.stylefeng.guns.rest.common.aop.GlobalExceptionHandler]
	at org.springframework.context.annotation.ClassPathBeanDefinitionScanner.checkCandidate(ClassPathBeanDefinitionScanner.java:348) ~[spring-context-5.0.5.RELEASE.jar:5.0.5.RELEASE]
	at org.springframework.context.annotation.ClassPathBeanDefinitionScanner.doScan(ClassPathBeanDefinitionScanner.java:286) ~[spring-context-5.0.5.RELEASE.jar:5.0.5.RELEASE]
	at org.springframework.context.annotation.ComponentScanAnnotationParser.parse(ComponentScanAnnotationParser.java:132) ~[spring-context-5.0.5.RELEASE.jar:5.0.5.RELEASE]
	at org.springframework.context.annotation.ConfigurationClassParser.doProcessConfigurationClass(ConfigurationClassParser.java:288) ~[spring-context-5.0.5.RELEASE.jar:5.0.5.RELEASE]
	at org.springframework.context.annotation.ConfigurationClassParser.processConfigurationClass(ConfigurationClassParser.java:245) ~[spring-context-5.0.5.RELEASE.jar:5.0.5.RELEASE]
	at org.springframework.context.annotation.ConfigurationClassParser.parse(ConfigurationClassParser.java:202) ~[spring-context-5.0.5.RELEASE.jar:5.0.5.RELEASE]
	at org.springframework.context.annotation.ConfigurationClassParser.parse(ConfigurationClassParser.java:170) ~[spring-context-5.0.5.RELEASE.jar:5.0.5.RELEASE]
	... 13 common frames omitted

2019-07-16 13:24:49.226  INFO 10192 --- [main] c.s.guns.user.GunsUserApplication        : Starting GunsUserApplication on ms-20190217jajz with PID 10192 (F:\mygit\reposiry1\myMicroserviceProject\MicroserviceProject\guns-user\target\classes started by Administrator in F:\mygit\reposiry1\myMicroserviceProject\MicroserviceProject)
2019-07-16 13:24:49.234 DEBUG 10192 --- [main] c.s.guns.user.GunsUserApplication        : Running with Spring Boot v2.0.1.RELEASE, Spring v5.0.5.RELEASE
2019-07-16 13:24:49.239  INFO 10192 --- [main] c.s.guns.user.GunsUserApplication        : No active profile set, falling back to default profiles: default
2019-07-16 13:24:49.906  INFO 10192 --- [main] ConfigServletWebServerApplicationContext : Refreshing org.springframework.boot.web.servlet.context.AnnotationConfigServletWebServerApplicationContext@16d04d3d: startup date [Tue Jul 16 13:24:49 GMT+08:00 2019]; root of context hierarchy
2019-07-16 13:24:51.519  WARN 10192 --- [main] ConfigServletWebServerApplicationContext : Exception encountered during context initialization - cancelling refresh attempt: org.springframework.beans.factory.BeanDefinitionStoreException: Failed to parse configuration class [com.stylefeng.guns.rest.GunsUserApplication]; nested exception is org.springframework.context.annotation.ConflictingBeanDefinitionException: Annotation-specified bean name 'globalExceptionHandler' for bean class [com.stylefeng.guns.rest.common.aop.GlobalExceptionHandler] conflicts with existing, non-compatible bean definition of same name and class [com.stylefeng.guns.rest.common.aop.GlobalExceptionHandler]
2019-07-16 13:24:51.537  INFO 10192 --- [main] ConditionEvaluationReportLoggingListener : 

Error starting ApplicationContext. To display the conditions report re-run your application with 'debug' enabled.
2019-07-16 13:24:51.570 ERROR 10192 --- [main] o.s.boot.SpringApplication               : Application run failed

org.springframework.beans.factory.BeanDefinitionStoreException: Failed to parse configuration class [com.stylefeng.guns.rest.GunsUserApplication]; nested exception is org.springframework.context.annotation.ConflictingBeanDefinitionException: Annotation-specified bean name 'globalExceptionHandler' for bean class [com.stylefeng.guns.rest.common.aop.GlobalExceptionHandler] conflicts with existing, non-compatible bean definition of same name and class [com.stylefeng.guns.rest.common.aop.GlobalExceptionHandler]
	at org.springframework.context.annotation.ConfigurationClassParser.parse(ConfigurationClassParser.java:184) ~[spring-context-5.0.5.RELEASE.jar:5.0.5.RELEASE]
	at org.springframework.context.annotation.ConfigurationClassPostProcessor.processConfigBeanDefinitions(ConfigurationClassPostProcessor.java:316) ~[spring-context-5.0.5.RELEASE.jar:5.0.5.RELEASE]
	at org.springframework.context.annotation.ConfigurationClassPostProcessor.postProcessBeanDefinitionRegistry(ConfigurationClassPostProcessor.java:233) ~[spring-context-5.0.5.RELEASE.jar:5.0.5.RELEASE]
	at org.springframework.context.support.PostProcessorRegistrationDelegate.invokeBeanDefinitionRegistryPostProcessors(PostProcessorRegistrationDelegate.java:273) ~[spring-context-5.0.5.RELEASE.jar:5.0.5.RELEASE]
	at org.springframework.context.support.PostProcessorRegistrationDelegate.invokeBeanFactoryPostProcessors(PostProcessorRegistrationDelegate.java:93) ~[spring-context-5.0.5.RELEASE.jar:5.0.5.RELEASE]
	at org.springframework.context.support.AbstractApplicationContext.invokeBeanFactoryPostProcessors(AbstractApplicationContext.java:694) ~[spring-context-5.0.5.RELEASE.jar:5.0.5.RELEASE]
	at org.springframework.context.support.AbstractApplicationContext.refresh(AbstractApplicationContext.java:532) ~[spring-context-5.0.5.RELEASE.jar:5.0.5.RELEASE]
	at org.springframework.boot.web.servlet.context.ServletWebServerApplicationContext.refresh(ServletWebServerApplicationContext.java:140) ~[spring-boot-2.0.1.RELEASE.jar:2.0.1.RELEASE]
	at org.springframework.boot.SpringApplication.refresh(SpringApplication.java:759) [spring-boot-2.0.1.RELEASE.jar:2.0.1.RELEASE]
	at org.springframework.boot.SpringApplication.refreshContext(SpringApplication.java:395) [spring-boot-2.0.1.RELEASE.jar:2.0.1.RELEASE]
	at org.springframework.boot.SpringApplication.run(SpringApplication.java:327) [spring-boot-2.0.1.RELEASE.jar:2.0.1.RELEASE]
	at org.springframework.boot.SpringApplication.run(SpringApplication.java:1255) [spring-boot-2.0.1.RELEASE.jar:2.0.1.RELEASE]
	at org.springframework.boot.SpringApplication.run(SpringApplication.java:1243) [spring-boot-2.0.1.RELEASE.jar:2.0.1.RELEASE]
	at com.stylefeng.guns.rest.GunsUserApplication.main(GunsUserApplication.java:10) [classes/:na]
Caused by: org.springframework.context.annotation.ConflictingBeanDefinitionException: Annotation-specified bean name 'globalExceptionHandler' for bean class [com.stylefeng.guns.rest.common.aop.GlobalExceptionHandler] conflicts with existing, non-compatible bean definition of same name and class [com.stylefeng.guns.rest.common.aop.GlobalExceptionHandler]
	at org.springframework.context.annotation.ClassPathBeanDefinitionScanner.checkCandidate(ClassPathBeanDefinitionScanner.java:348) ~[spring-context-5.0.5.RELEASE.jar:5.0.5.RELEASE]
	at org.springframework.context.annotation.ClassPathBeanDefinitionScanner.doScan(ClassPathBeanDefinitionScanner.java:286) ~[spring-context-5.0.5.RELEASE.jar:5.0.5.RELEASE]
	at org.springframework.context.annotation.ComponentScanAnnotationParser.parse(ComponentScanAnnotationParser.java:132) ~[spring-context-5.0.5.RELEASE.jar:5.0.5.RELEASE]
	at org.springframework.context.annotation.ConfigurationClassParser.doProcessConfigurationClass(ConfigurationClassParser.java:288) ~[spring-context-5.0.5.RELEASE.jar:5.0.5.RELEASE]
	at org.springframework.context.annotation.ConfigurationClassParser.processConfigurationClass(ConfigurationClassParser.java:245) ~[spring-context-5.0.5.RELEASE.jar:5.0.5.RELEASE]
	at org.springframework.context.annotation.ConfigurationClassParser.parse(ConfigurationClassParser.java:202) ~[spring-context-5.0.5.RELEASE.jar:5.0.5.RELEASE]
	at org.springframework.context.annotation.ConfigurationClassParser.parse(ConfigurationClassParser.java:170) ~[spring-context-5.0.5.RELEASE.jar:5.0.5.RELEASE]
	... 13 common frames omitted

2019-07-16 13:27:28.472  INFO 9264 --- [main] c.s.guns.user.GunsFilmApplication        : Starting GunsFilmApplication on ms-20190217jajz with PID 9264 (F:\mygit\reposiry1\myMicroserviceProject\MicroserviceProject\guns-film\target\classes started by Administrator in F:\mygit\reposiry1\myMicroserviceProject\MicroserviceProject)
2019-07-16 13:27:28.477 DEBUG 9264 --- [main] c.s.guns.user.GunsFilmApplication        : Running with Spring Boot v2.0.1.RELEASE, Spring v5.0.5.RELEASE
2019-07-16 13:27:28.481  INFO 9264 --- [main] c.s.guns.user.GunsFilmApplication        : No active profile set, falling back to default profiles: default
2019-07-16 13:27:28.743  INFO 9264 --- [main] ConfigServletWebServerApplicationContext : Refreshing org.springframework.boot.web.servlet.context.AnnotationConfigServletWebServerApplicationContext@4550bb58: startup date [Tue Jul 16 13:27:28 GMT+08:00 2019]; root of context hierarchy
2019-07-16 13:27:31.914  INFO 9264 --- [main] o.s.b.f.s.DefaultListableBeanFactory     : Overriding bean definition for bean 'error' with a different definition: replacing [Root bean: class [null]; scope=; abstract=false; lazyInit=false; autowireMode=3; dependencyCheck=0; autowireCandidate=true; primary=false; factoryBeanName=org.springframework.boot.autoconfigure.web.servlet.error.ErrorMvcAutoConfiguration$WhitelabelErrorViewConfiguration; factoryMethodName=defaultErrorView; initMethodName=null; destroyMethodName=(inferred); defined in class path resource [org/springframework/boot/autoconfigure/web/servlet/error/ErrorMvcAutoConfiguration$WhitelabelErrorViewConfiguration.class]] with [Root bean: class [null]; scope=; abstract=false; lazyInit=false; autowireMode=3; dependencyCheck=0; autowireCandidate=true; primary=false; factoryBeanName=com.stylefeng.guns.core.config.DefaultWebConfig; factoryMethodName=error; initMethodName=null; destroyMethodName=(inferred); defined in class path resource [com/stylefeng/guns/core/config/DefaultWebConfig.class]]
2019-07-16 13:27:31.951  INFO 9264 --- [main] o.s.b.f.s.DefaultListableBeanFactory     : Overriding bean definition for bean 'dataSource' with a different definition: replacing [Root bean: class [null]; scope=; abstract=false; lazyInit=false; autowireMode=3; dependencyCheck=0; autowireCandidate=true; primary=false; factoryBeanName=org.springframework.boot.autoconfigure.jdbc.DataSourceConfiguration$Hikari; factoryMethodName=dataSource; initMethodName=null; destroyMethodName=(inferred); defined in class path resource [org/springframework/boot/autoconfigure/jdbc/DataSourceConfiguration$Hikari.class]] with [Root bean: class [null]; scope=; abstract=false; lazyInit=false; autowireMode=3; dependencyCheck=0; autowireCandidate=true; primary=false; factoryBeanName=com.stylefeng.guns.core.config.SingleDataSourceConfig; factoryMethodName=dataSource; initMethodName=null; destroyMethodName=(inferred); defined in class path resource [com/stylefeng/guns/core/config/SingleDataSourceConfig.class]]
2019-07-16 13:27:31.952  INFO 9264 --- [main] o.s.b.f.s.DefaultListableBeanFactory     : Overriding bean definition for bean 'paginationInterceptor' with a different definition: replacing [Root bean: class [null]; scope=; abstract=false; lazyInit=false; autowireMode=3; dependencyCheck=0; autowireCandidate=true; primary=false; factoryBeanName=mybatisPlusConfig; factoryMethodName=paginationInterceptor; initMethodName=null; destroyMethodName=(inferred); defined in class path resource [com/stylefeng/guns/user/config/MybatisPlusConfig.class]] with [Root bean: class [null]; scope=; abstract=false; lazyInit=false; autowireMode=3; dependencyCheck=0; autowireCandidate=true; primary=false; factoryBeanName=com.stylefeng.guns.core.config.SingleDataSourceConfig; factoryMethodName=paginationInterceptor; initMethodName=null; destroyMethodName=(inferred); defined in class path resource [com/stylefeng/guns/core/config/SingleDataSourceConfig.class]]
2019-07-16 13:27:31.974  WARN 9264 --- [main] o.m.s.mapper.ClassPathMapperScanner      : No MyBatis mapper was found in '[com.stylefeng.guns.modular.*.dao]' package. Please check your configuration.
2019-07-16 13:27:35.215  INFO 9264 --- [main] o.s.b.w.embedded.tomcat.TomcatWebServer  : Tomcat initialized with port(s): 8081 (http)
2019-07-16 13:27:35.405  INFO 9264 --- [main] o.apache.catalina.core.StandardService   : Starting service [Tomcat]
2019-07-16 13:27:35.406  INFO 9264 --- [main] org.apache.catalina.core.StandardEngine  : Starting Servlet Engine: Apache Tomcat/8.5.29
2019-07-16 13:27:35.431  INFO 9264 --- [localhost-startStop-1] o.a.catalina.core.AprLifecycleListener   : The APR based Apache Tomcat Native library which allows optimal performance in production environments was not found on the java.library.path: [C:\Program Files\Java\jdk1.8.0_201\bin;C:\Windows\Sun\Java\bin;C:\Windows\system32;C:\Windows;C:\Program Files (x86)\NetSarang\Xshell 6\;C:\Program Files (x86)\Common Files\Oracle\Java\javapath;C:\Windows\system32;C:\Windows;C:\Windows\System32\Wbem;C:\Windows\System32\WindowsPowerShell\v1.0\;C:\Program Files\Java\jdk1.8.0_201\\bin;C:\Program Files (x86)\Tencent\WeChat;F:\Maven\apache-maven-3.6.0\bin;C:\Program Files\MySQL\MySQL Server 5.7;C:\Program Files\nodejs\;C:\Program Files\MySQL\MySQL Shell 8.0\bin\;C:\Users\Administrator\AppData\Roaming\npm;.]
2019-07-16 13:27:36.081  INFO 9264 --- [localhost-startStop-1] o.a.c.c.C.[Tomcat].[localhost].[/]       : Initializing Spring embedded WebApplicationContext
2019-07-16 13:27:36.081  INFO 9264 --- [localhost-startStop-1] o.s.web.context.ContextLoader            : Root WebApplicationContext: initialization completed in 7338 ms
2019-07-16 13:27:36.472  INFO 9264 --- [localhost-startStop-1] o.s.b.w.servlet.ServletRegistrationBean  : Servlet dispatcherServlet mapped to [/]
2019-07-16 13:27:36.484  INFO 9264 --- [localhost-startStop-1] o.s.b.w.servlet.FilterRegistrationBean   : Mapping filter: 'characterEncodingFilter' to: [/*]
2019-07-16 13:27:36.485  INFO 9264 --- [localhost-startStop-1] o.s.b.w.servlet.FilterRegistrationBean   : Mapping filter: 'hiddenHttpMethodFilter' to: [/*]
2019-07-16 13:27:36.486  INFO 9264 --- [localhost-startStop-1] o.s.b.w.servlet.FilterRegistrationBean   : Mapping filter: 'httpPutFormContentFilter' to: [/*]
2019-07-16 13:27:36.487  INFO 9264 --- [localhost-startStop-1] o.s.b.w.servlet.FilterRegistrationBean   : Mapping filter: 'requestContextFilter' to: [/*]
2019-07-16 13:27:36.487  INFO 9264 --- [localhost-startStop-1] o.s.b.w.servlet.FilterRegistrationBean   : Mapping filter: 'jwtAuthenticationTokenFilter' to: [/*]
2019-07-16 13:27:36.588 DEBUG 9264 --- [localhost-startStop-1] c.s.g.u.modular.auth.filter.AuthFilter   : Initializing filter 'jwtAuthenticationTokenFilter'
2019-07-16 13:27:36.588 DEBUG 9264 --- [localhost-startStop-1] c.s.g.u.modular.auth.filter.AuthFilter   : Filter 'jwtAuthenticationTokenFilter' configured successfully
2019-07-16 13:27:39.740  INFO 9264 --- [main] com.alibaba.druid.pool.DruidDataSource   : {dataSource-1} inited
2019-07-16 13:27:42.251  INFO 9264 --- [main] s.w.s.m.m.a.RequestMappingHandlerAdapter : Looking for @ControllerAdvice: org.springframework.boot.web.servlet.context.AnnotationConfigServletWebServerApplicationContext@4550bb58: startup date [Tue Jul 16 13:27:28 GMT+08:00 2019]; root of context hierarchy
2019-07-16 13:27:42.581  INFO 9264 --- [main] o.s.w.s.handler.SimpleUrlHandlerMapping  : Mapped URL path [/**/favicon.ico] onto handler of type [class org.springframework.web.servlet.resource.ResourceHttpRequestHandler]
2019-07-16 13:27:42.716  INFO 9264 --- [main] s.w.s.m.m.a.RequestMappingHandlerMapping : Mapped "{[/auth]}" onto public org.springframework.http.ResponseEntity<?> com.stylefeng.guns.rest.modular.auth.controller.AuthController.createAuthenticationToken(com.stylefeng.guns.rest.modular.auth.controller.dto.AuthRequest)
2019-07-16 13:27:42.721  INFO 9264 --- [main] s.w.s.m.m.a.RequestMappingHandlerMapping : Mapped "{[/hello]}" onto public org.springframework.http.ResponseEntity com.stylefeng.guns.rest.modular.example.ExampleController.hello(com.stylefeng.guns.rest.common.SimpleObject)
2019-07-16 13:27:42.724  INFO 9264 --- [main] s.w.s.m.m.a.RequestMappingHandlerMapping : Mapped "{[/product/getProductById]}" onto public com.stylefeng.guns.rest.common.persistence.model.Product com.stylefeng.guns.rest.modular.product.controller.ProductController.getProductById(java.lang.Integer)
2019-07-16 13:27:42.728  INFO 9264 --- [main] s.w.s.m.m.a.RequestMappingHandlerMapping : Mapped "{[/global/error]}" onto public java.lang.String com.stylefeng.guns.core.base.controller.GlobalController.errorPage()
2019-07-16 13:27:42.729  INFO 9264 --- [main] s.w.s.m.m.a.RequestMappingHandlerMapping : Mapped "{[/global/sessionError]}" onto public java.lang.String com.stylefeng.guns.core.base.controller.GlobalController.errorPageInfo(org.springframework.ui.Model)
2019-07-16 13:27:42.734  INFO 9264 --- [main] s.w.s.m.m.a.RequestMappingHandlerMapping : Mapped "{[/error]}" onto public org.springframework.http.ResponseEntity<java.util.Map<java.lang.String, java.lang.Object>> org.springframework.boot.autoconfigure.web.servlet.error.BasicErrorController.error(javax.servlet.http.HttpServletRequest)
2019-07-16 13:27:42.736  INFO 9264 --- [main] s.w.s.m.m.a.RequestMappingHandlerMapping : Mapped "{[/error],produces=[text/html]}" onto public org.springframework.web.servlet.ModelAndView org.springframework.boot.autoconfigure.web.servlet.error.BasicErrorController.errorHtml(javax.servlet.http.HttpServletRequest,javax.servlet.http.HttpServletResponse)
2019-07-16 13:27:42.845  INFO 9264 --- [main] o.s.w.s.handler.SimpleUrlHandlerMapping  : Mapped URL path [/webjars/**] onto handler of type [class org.springframework.web.servlet.resource.ResourceHttpRequestHandler]
2019-07-16 13:27:42.845  INFO 9264 --- [main] o.s.w.s.handler.SimpleUrlHandlerMapping  : Mapped URL path [/**] onto handler of type [class org.springframework.web.servlet.resource.ResourceHttpRequestHandler]
2019-07-16 13:27:42.909  INFO 9264 --- [main] .m.m.a.ExceptionHandlerExceptionResolver : Detected @ExceptionHandler methods in globalExceptionHandler
2019-07-16 13:27:44.125  INFO 9264 --- [main] o.s.j.e.a.AnnotationMBeanExporter        : Registering beans for JMX exposure on startup
2019-07-16 13:27:44.129  INFO 9264 --- [main] o.s.j.e.a.AnnotationMBeanExporter        : Bean with name 'dataSource' has been autodetected for JMX exposure
2019-07-16 13:27:44.147  INFO 9264 --- [main] o.s.j.e.a.AnnotationMBeanExporter        : Located MBean 'dataSource': registering with JMX server as MBean [com.alibaba.druid.pool:name=dataSource,type=DruidDataSource]
2019-07-16 13:27:44.335  INFO 9264 --- [main] o.s.b.w.embedded.tomcat.TomcatWebServer  : Tomcat started on port(s): 8081 (http) with context path ''
2019-07-16 13:27:44.362  INFO 9264 --- [main] c.s.guns.user.GunsFilmApplication        : Started GunsFilmApplication in 20.665 seconds (JVM running for 25.065)
2019-07-16 14:46:29.746  INFO 3792 --- [main] c.s.guns.user.GunsFilmApplication        : Starting GunsFilmApplication on ms-20190217jajz with PID 3792 (F:\mygit\reposiry1\myMicroserviceProject\MicroserviceProject\guns-film\target\classes started by Administrator in F:\mygit\reposiry1\myMicroserviceProject\MicroserviceProject)
2019-07-16 14:46:29.757 DEBUG 3792 --- [main] c.s.guns.user.GunsFilmApplication        : Running with Spring Boot v2.0.1.RELEASE, Spring v5.0.5.RELEASE
2019-07-16 14:46:29.806  INFO 3792 --- [main] c.s.guns.user.GunsFilmApplication        : No active profile set, falling back to default profiles: default
2019-07-16 14:46:30.233  INFO 3792 --- [main] ConfigServletWebServerApplicationContext : Refreshing org.springframework.boot.web.servlet.context.AnnotationConfigServletWebServerApplicationContext@4ec4f3a0: startup date [Tue Jul 16 14:46:30 GMT+08:00 2019]; root of context hierarchy
2019-07-16 14:46:33.212  INFO 3792 --- [main] o.s.b.f.s.DefaultListableBeanFactory     : Overriding bean definition for bean 'error' with a different definition: replacing [Root bean: class [null]; scope=; abstract=false; lazyInit=false; autowireMode=3; dependencyCheck=0; autowireCandidate=true; primary=false; factoryBeanName=org.springframework.boot.autoconfigure.web.servlet.error.ErrorMvcAutoConfiguration$WhitelabelErrorViewConfiguration; factoryMethodName=defaultErrorView; initMethodName=null; destroyMethodName=(inferred); defined in class path resource [org/springframework/boot/autoconfigure/web/servlet/error/ErrorMvcAutoConfiguration$WhitelabelErrorViewConfiguration.class]] with [Root bean: class [null]; scope=; abstract=false; lazyInit=false; autowireMode=3; dependencyCheck=0; autowireCandidate=true; primary=false; factoryBeanName=com.stylefeng.guns.core.config.DefaultWebConfig; factoryMethodName=error; initMethodName=null; destroyMethodName=(inferred); defined in class path resource [com/stylefeng/guns/core/config/DefaultWebConfig.class]]
2019-07-16 14:46:33.219  INFO 3792 --- [main] o.s.b.f.s.DefaultListableBeanFactory     : Overriding bean definition for bean 'dataSource' with a different definition: replacing [Root bean: class [null]; scope=; abstract=false; lazyInit=false; autowireMode=3; dependencyCheck=0; autowireCandidate=true; primary=false; factoryBeanName=org.springframework.boot.autoconfigure.jdbc.DataSourceConfiguration$Hikari; factoryMethodName=dataSource; initMethodName=null; destroyMethodName=(inferred); defined in class path resource [org/springframework/boot/autoconfigure/jdbc/DataSourceConfiguration$Hikari.class]] with [Root bean: class [null]; scope=; abstract=false; lazyInit=false; autowireMode=3; dependencyCheck=0; autowireCandidate=true; primary=false; factoryBeanName=com.stylefeng.guns.core.config.SingleDataSourceConfig; factoryMethodName=dataSource; initMethodName=null; destroyMethodName=(inferred); defined in class path resource [com/stylefeng/guns/core/config/SingleDataSourceConfig.class]]
2019-07-16 14:46:33.220  INFO 3792 --- [main] o.s.b.f.s.DefaultListableBeanFactory     : Overriding bean definition for bean 'paginationInterceptor' with a different definition: replacing [Root bean: class [null]; scope=; abstract=false; lazyInit=false; autowireMode=3; dependencyCheck=0; autowireCandidate=true; primary=false; factoryBeanName=mybatisPlusConfig; factoryMethodName=paginationInterceptor; initMethodName=null; destroyMethodName=(inferred); defined in class path resource [com/stylefeng/guns/user/config/MybatisPlusConfig.class]] with [Root bean: class [null]; scope=; abstract=false; lazyInit=false; autowireMode=3; dependencyCheck=0; autowireCandidate=true; primary=false; factoryBeanName=com.stylefeng.guns.core.config.SingleDataSourceConfig; factoryMethodName=paginationInterceptor; initMethodName=null; destroyMethodName=(inferred); defined in class path resource [com/stylefeng/guns/core/config/SingleDataSourceConfig.class]]
2019-07-16 14:46:33.231  WARN 3792 --- [main] o.m.s.mapper.ClassPathMapperScanner      : No MyBatis mapper was found in '[com.stylefeng.guns.modular.*.dao]' package. Please check your configuration.
2019-07-16 14:46:35.987  INFO 3792 --- [main] o.s.b.w.embedded.tomcat.TomcatWebServer  : Tomcat initialized with port(s): 8081 (http)
2019-07-16 14:46:36.058  INFO 3792 --- [main] o.apache.catalina.core.StandardService   : Starting service [Tomcat]
2019-07-16 14:46:36.059  INFO 3792 --- [main] org.apache.catalina.core.StandardEngine  : Starting Servlet Engine: Apache Tomcat/8.5.29
2019-07-16 14:46:36.106  INFO 3792 --- [localhost-startStop-1] o.a.catalina.core.AprLifecycleListener   : The APR based Apache Tomcat Native library which allows optimal performance in production environments was not found on the java.library.path: [C:\Program Files\Java\jdk1.8.0_201\bin;C:\Windows\Sun\Java\bin;C:\Windows\system32;C:\Windows;C:\Program Files (x86)\NetSarang\Xshell 6\;C:\Program Files (x86)\Common Files\Oracle\Java\javapath;C:\Windows\system32;C:\Windows;C:\Windows\System32\Wbem;C:\Windows\System32\WindowsPowerShell\v1.0\;C:\Program Files\Java\jdk1.8.0_201\\bin;C:\Program Files (x86)\Tencent\WeChat;F:\Maven\apache-maven-3.6.0\bin;C:\Program Files\MySQL\MySQL Server 5.7;C:\Program Files\nodejs\;C:\Program Files\MySQL\MySQL Shell 8.0\bin\;C:\Users\Administrator\AppData\Roaming\npm;.]
2019-07-16 14:46:36.446  INFO 3792 --- [localhost-startStop-1] o.a.c.c.C.[Tomcat].[localhost].[/]       : Initializing Spring embedded WebApplicationContext
2019-07-16 14:46:36.447  INFO 3792 --- [localhost-startStop-1] o.s.web.context.ContextLoader            : Root WebApplicationContext: initialization completed in 6214 ms
2019-07-16 14:46:36.978  INFO 3792 --- [localhost-startStop-1] o.s.b.w.servlet.ServletRegistrationBean  : Servlet dispatcherServlet mapped to [/]
2019-07-16 14:46:36.990  INFO 3792 --- [localhost-startStop-1] o.s.b.w.servlet.FilterRegistrationBean   : Mapping filter: 'characterEncodingFilter' to: [/*]
2019-07-16 14:46:36.991  INFO 3792 --- [localhost-startStop-1] o.s.b.w.servlet.FilterRegistrationBean   : Mapping filter: 'hiddenHttpMethodFilter' to: [/*]
2019-07-16 14:46:36.992  INFO 3792 --- [localhost-startStop-1] o.s.b.w.servlet.FilterRegistrationBean   : Mapping filter: 'httpPutFormContentFilter' to: [/*]
2019-07-16 14:46:36.993  INFO 3792 --- [localhost-startStop-1] o.s.b.w.servlet.FilterRegistrationBean   : Mapping filter: 'requestContextFilter' to: [/*]
2019-07-16 14:46:36.993  INFO 3792 --- [localhost-startStop-1] o.s.b.w.servlet.FilterRegistrationBean   : Mapping filter: 'jwtAuthenticationTokenFilter' to: [/*]
2019-07-16 14:46:37.086 DEBUG 3792 --- [localhost-startStop-1] c.s.g.u.modular.auth.filter.AuthFilter   : Initializing filter 'jwtAuthenticationTokenFilter'
2019-07-16 14:46:37.087 DEBUG 3792 --- [localhost-startStop-1] c.s.g.u.modular.auth.filter.AuthFilter   : Filter 'jwtAuthenticationTokenFilter' configured successfully
2019-07-16 14:46:39.140  INFO 3792 --- [main] com.alibaba.druid.pool.DruidDataSource   : {dataSource-1} inited
2019-07-16 14:46:41.410  INFO 3792 --- [main] s.w.s.m.m.a.RequestMappingHandlerAdapter : Looking for @ControllerAdvice: org.springframework.boot.web.servlet.context.AnnotationConfigServletWebServerApplicationContext@4ec4f3a0: startup date [Tue Jul 16 14:46:30 GMT+08:00 2019]; root of context hierarchy
2019-07-16 14:46:41.758  INFO 3792 --- [main] o.s.w.s.handler.SimpleUrlHandlerMapping  : Mapped URL path [/**/favicon.ico] onto handler of type [class org.springframework.web.servlet.resource.ResourceHttpRequestHandler]
2019-07-16 14:46:41.861  INFO 3792 --- [main] s.w.s.m.m.a.RequestMappingHandlerMapping : Mapped "{[/auth]}" onto public org.springframework.http.ResponseEntity<?> com.stylefeng.guns.rest.modular.auth.controller.AuthController.createAuthenticationToken(com.stylefeng.guns.rest.modular.auth.controller.dto.AuthRequest)
2019-07-16 14:46:41.866  INFO 3792 --- [main] s.w.s.m.m.a.RequestMappingHandlerMapping : Mapped "{[/hello]}" onto public org.springframework.http.ResponseEntity com.stylefeng.guns.rest.modular.example.ExampleController.hello(com.stylefeng.guns.rest.common.SimpleObject)
2019-07-16 14:46:41.869  INFO 3792 --- [main] s.w.s.m.m.a.RequestMappingHandlerMapping : Mapped "{[/product/getProductById]}" onto public com.stylefeng.guns.rest.common.persistence.model.Product com.stylefeng.guns.rest.modular.product.controller.ProductController.getProductById(java.lang.Integer)
2019-07-16 14:46:41.872  INFO 3792 --- [main] s.w.s.m.m.a.RequestMappingHandlerMapping : Mapped "{[/global/sessionError]}" onto public java.lang.String com.stylefeng.guns.core.base.controller.GlobalController.errorPageInfo(org.springframework.ui.Model)
2019-07-16 14:46:41.873  INFO 3792 --- [main] s.w.s.m.m.a.RequestMappingHandlerMapping : Mapped "{[/global/error]}" onto public java.lang.String com.stylefeng.guns.core.base.controller.GlobalController.errorPage()
2019-07-16 14:46:41.879  INFO 3792 --- [main] s.w.s.m.m.a.RequestMappingHandlerMapping : Mapped "{[/error]}" onto public org.springframework.http.ResponseEntity<java.util.Map<java.lang.String, java.lang.Object>> org.springframework.boot.autoconfigure.web.servlet.error.BasicErrorController.error(javax.servlet.http.HttpServletRequest)
2019-07-16 14:46:41.882  INFO 3792 --- [main] s.w.s.m.m.a.RequestMappingHandlerMapping : Mapped "{[/error],produces=[text/html]}" onto public org.springframework.web.servlet.ModelAndView org.springframework.boot.autoconfigure.web.servlet.error.BasicErrorController.errorHtml(javax.servlet.http.HttpServletRequest,javax.servlet.http.HttpServletResponse)
2019-07-16 14:46:42.001  INFO 3792 --- [main] o.s.w.s.handler.SimpleUrlHandlerMapping  : Mapped URL path [/webjars/**] onto handler of type [class org.springframework.web.servlet.resource.ResourceHttpRequestHandler]
2019-07-16 14:46:42.001  INFO 3792 --- [main] o.s.w.s.handler.SimpleUrlHandlerMapping  : Mapped URL path [/**] onto handler of type [class org.springframework.web.servlet.resource.ResourceHttpRequestHandler]
2019-07-16 14:46:42.048  INFO 3792 --- [main] .m.m.a.ExceptionHandlerExceptionResolver : Detected @ExceptionHandler methods in globalExceptionHandler
2019-07-16 14:46:42.891  INFO 3792 --- [main] o.s.j.e.a.AnnotationMBeanExporter        : Registering beans for JMX exposure on startup
2019-07-16 14:46:42.896  INFO 3792 --- [main] o.s.j.e.a.AnnotationMBeanExporter        : Bean with name 'dataSource' has been autodetected for JMX exposure
2019-07-16 14:46:42.913  INFO 3792 --- [main] o.s.j.e.a.AnnotationMBeanExporter        : Located MBean 'dataSource': registering with JMX server as MBean [com.alibaba.druid.pool:name=dataSource,type=DruidDataSource]
2019-07-16 14:46:43.034  INFO 3792 --- [main] o.s.b.w.embedded.tomcat.TomcatWebServer  : Tomcat started on port(s): 8081 (http) with context path ''
2019-07-16 14:46:43.044  INFO 3792 --- [main] c.s.guns.user.GunsFilmApplication        : Started GunsFilmApplication in 15.566 seconds (JVM running for 17.76)
2019-07-16 14:55:20.639  INFO 7264 --- [main] c.s.guns.user.GunsUserApplication        : Starting GunsUserApplication on ms-20190217jajz with PID 7264 (F:\mygit\reposiry1\myMicroserviceProject\MicroserviceProject\guns-user\target\classes started by Administrator in F:\mygit\reposiry1\myMicroserviceProject\MicroserviceProject)
2019-07-16 14:55:20.648 DEBUG 7264 --- [main] c.s.guns.user.GunsUserApplication        : Running with Spring Boot v2.0.1.RELEASE, Spring v5.0.5.RELEASE
2019-07-16 14:55:20.653  INFO 7264 --- [main] c.s.guns.user.GunsUserApplication        : No active profile set, falling back to default profiles: default
2019-07-16 14:55:21.466  INFO 7264 --- [main] ConfigServletWebServerApplicationContext : Refreshing org.springframework.boot.web.servlet.context.AnnotationConfigServletWebServerApplicationContext@564fabc8: startup date [Tue Jul 16 14:55:21 GMT+08:00 2019]; root of context hierarchy
2019-07-16 14:55:23.177  WARN 7264 --- [main] ConfigServletWebServerApplicationContext : Exception encountered during context initialization - cancelling refresh attempt: org.springframework.beans.factory.BeanDefinitionStoreException: Failed to parse configuration class [com.stylefeng.guns.rest.GunsUserApplication]; nested exception is org.springframework.context.annotation.ConflictingBeanDefinitionException: Annotation-specified bean name 'globalExceptionHandler' for bean class [com.stylefeng.guns.rest.common.aop.GlobalExceptionHandler] conflicts with existing, non-compatible bean definition of same name and class [com.stylefeng.guns.rest.common.aop.GlobalExceptionHandler]
2019-07-16 14:55:23.192  INFO 7264 --- [main] ConditionEvaluationReportLoggingListener : 

Error starting ApplicationContext. To display the conditions report re-run your application with 'debug' enabled.
2019-07-16 14:55:23.240 ERROR 7264 --- [main] o.s.boot.SpringApplication               : Application run failed

org.springframework.beans.factory.BeanDefinitionStoreException: Failed to parse configuration class [com.stylefeng.guns.rest.GunsUserApplication]; nested exception is org.springframework.context.annotation.ConflictingBeanDefinitionException: Annotation-specified bean name 'globalExceptionHandler' for bean class [com.stylefeng.guns.rest.common.aop.GlobalExceptionHandler] conflicts with existing, non-compatible bean definition of same name and class [com.stylefeng.guns.rest.common.aop.GlobalExceptionHandler]
	at org.springframework.context.annotation.ConfigurationClassParser.parse(ConfigurationClassParser.java:184) ~[spring-context-5.0.5.RELEASE.jar:5.0.5.RELEASE]
	at org.springframework.context.annotation.ConfigurationClassPostProcessor.processConfigBeanDefinitions(ConfigurationClassPostProcessor.java:316) ~[spring-context-5.0.5.RELEASE.jar:5.0.5.RELEASE]
	at org.springframework.context.annotation.ConfigurationClassPostProcessor.postProcessBeanDefinitionRegistry(ConfigurationClassPostProcessor.java:233) ~[spring-context-5.0.5.RELEASE.jar:5.0.5.RELEASE]
	at org.springframework.context.support.PostProcessorRegistrationDelegate.invokeBeanDefinitionRegistryPostProcessors(PostProcessorRegistrationDelegate.java:273) ~[spring-context-5.0.5.RELEASE.jar:5.0.5.RELEASE]
	at org.springframework.context.support.PostProcessorRegistrationDelegate.invokeBeanFactoryPostProcessors(PostProcessorRegistrationDelegate.java:93) ~[spring-context-5.0.5.RELEASE.jar:5.0.5.RELEASE]
	at org.springframework.context.support.AbstractApplicationContext.invokeBeanFactoryPostProcessors(AbstractApplicationContext.java:694) ~[spring-context-5.0.5.RELEASE.jar:5.0.5.RELEASE]
	at org.springframework.context.support.AbstractApplicationContext.refresh(AbstractApplicationContext.java:532) ~[spring-context-5.0.5.RELEASE.jar:5.0.5.RELEASE]
	at org.springframework.boot.web.servlet.context.ServletWebServerApplicationContext.refresh(ServletWebServerApplicationContext.java:140) ~[spring-boot-2.0.1.RELEASE.jar:2.0.1.RELEASE]
	at org.springframework.boot.SpringApplication.refresh(SpringApplication.java:759) [spring-boot-2.0.1.RELEASE.jar:2.0.1.RELEASE]
	at org.springframework.boot.SpringApplication.refreshContext(SpringApplication.java:395) [spring-boot-2.0.1.RELEASE.jar:2.0.1.RELEASE]
	at org.springframework.boot.SpringApplication.run(SpringApplication.java:327) [spring-boot-2.0.1.RELEASE.jar:2.0.1.RELEASE]
	at org.springframework.boot.SpringApplication.run(SpringApplication.java:1255) [spring-boot-2.0.1.RELEASE.jar:2.0.1.RELEASE]
	at org.springframework.boot.SpringApplication.run(SpringApplication.java:1243) [spring-boot-2.0.1.RELEASE.jar:2.0.1.RELEASE]
	at com.stylefeng.guns.rest.GunsUserApplication.main(GunsUserApplication.java:10) [classes/:na]
Caused by: org.springframework.context.annotation.ConflictingBeanDefinitionException: Annotation-specified bean name 'globalExceptionHandler' for bean class [com.stylefeng.guns.rest.common.aop.GlobalExceptionHandler] conflicts with existing, non-compatible bean definition of same name and class [com.stylefeng.guns.rest.common.aop.GlobalExceptionHandler]
	at org.springframework.context.annotation.ClassPathBeanDefinitionScanner.checkCandidate(ClassPathBeanDefinitionScanner.java:348) ~[spring-context-5.0.5.RELEASE.jar:5.0.5.RELEASE]
	at org.springframework.context.annotation.ClassPathBeanDefinitionScanner.doScan(ClassPathBeanDefinitionScanner.java:286) ~[spring-context-5.0.5.RELEASE.jar:5.0.5.RELEASE]
	at org.springframework.context.annotation.ComponentScanAnnotationParser.parse(ComponentScanAnnotationParser.java:132) ~[spring-context-5.0.5.RELEASE.jar:5.0.5.RELEASE]
	at org.springframework.context.annotation.ConfigurationClassParser.doProcessConfigurationClass(ConfigurationClassParser.java:288) ~[spring-context-5.0.5.RELEASE.jar:5.0.5.RELEASE]
	at org.springframework.context.annotation.ConfigurationClassParser.processConfigurationClass(ConfigurationClassParser.java:245) ~[spring-context-5.0.5.RELEASE.jar:5.0.5.RELEASE]
	at org.springframework.context.annotation.ConfigurationClassParser.parse(ConfigurationClassParser.java:202) ~[spring-context-5.0.5.RELEASE.jar:5.0.5.RELEASE]
	at org.springframework.context.annotation.ConfigurationClassParser.parse(ConfigurationClassParser.java:170) ~[spring-context-5.0.5.RELEASE.jar:5.0.5.RELEASE]
	... 13 common frames omitted

2019-07-16 14:59:56.799  INFO 3824 --- [main] c.s.guns.user.GunsCinemaApplication      : Starting GunsCinemaApplication on ms-20190217jajz with PID 3824 (F:\mygit\reposiry1\myMicroserviceProject\MicroserviceProject\guns-cinema\target\classes started by Administrator in F:\mygit\reposiry1\myMicroserviceProject\MicroserviceProject)
2019-07-16 14:59:56.807 DEBUG 3824 --- [main] c.s.guns.user.GunsCinemaApplication      : Running with Spring Boot v2.0.1.RELEASE, Spring v5.0.5.RELEASE
2019-07-16 14:59:56.812  INFO 3824 --- [main] c.s.guns.user.GunsCinemaApplication      : No active profile set, falling back to default profiles: default
2019-07-16 14:59:56.944  INFO 3824 --- [main] ConfigServletWebServerApplicationContext : Refreshing org.springframework.boot.web.servlet.context.AnnotationConfigServletWebServerApplicationContext@16d04d3d: startup date [Tue Jul 16 14:59:56 GMT+08:00 2019]; root of context hierarchy
2019-07-16 14:59:59.694  INFO 3824 --- [main] o.s.b.f.s.DefaultListableBeanFactory     : Overriding bean definition for bean 'error' with a different definition: replacing [Root bean: class [null]; scope=; abstract=false; lazyInit=false; autowireMode=3; dependencyCheck=0; autowireCandidate=true; primary=false; factoryBeanName=org.springframework.boot.autoconfigure.web.servlet.error.ErrorMvcAutoConfiguration$WhitelabelErrorViewConfiguration; factoryMethodName=defaultErrorView; initMethodName=null; destroyMethodName=(inferred); defined in class path resource [org/springframework/boot/autoconfigure/web/servlet/error/ErrorMvcAutoConfiguration$WhitelabelErrorViewConfiguration.class]] with [Root bean: class [null]; scope=; abstract=false; lazyInit=false; autowireMode=3; dependencyCheck=0; autowireCandidate=true; primary=false; factoryBeanName=com.stylefeng.guns.core.config.DefaultWebConfig; factoryMethodName=error; initMethodName=null; destroyMethodName=(inferred); defined in class path resource [com/stylefeng/guns/core/config/DefaultWebConfig.class]]
2019-07-16 14:59:59.700  INFO 3824 --- [main] o.s.b.f.s.DefaultListableBeanFactory     : Overriding bean definition for bean 'dataSource' with a different definition: replacing [Root bean: class [null]; scope=; abstract=false; lazyInit=false; autowireMode=3; dependencyCheck=0; autowireCandidate=true; primary=false; factoryBeanName=org.springframework.boot.autoconfigure.jdbc.DataSourceConfiguration$Hikari; factoryMethodName=dataSource; initMethodName=null; destroyMethodName=(inferred); defined in class path resource [org/springframework/boot/autoconfigure/jdbc/DataSourceConfiguration$Hikari.class]] with [Root bean: class [null]; scope=; abstract=false; lazyInit=false; autowireMode=3; dependencyCheck=0; autowireCandidate=true; primary=false; factoryBeanName=com.stylefeng.guns.core.config.SingleDataSourceConfig; factoryMethodName=dataSource; initMethodName=null; destroyMethodName=(inferred); defined in class path resource [com/stylefeng/guns/core/config/SingleDataSourceConfig.class]]
2019-07-16 14:59:59.701  INFO 3824 --- [main] o.s.b.f.s.DefaultListableBeanFactory     : Overriding bean definition for bean 'paginationInterceptor' with a different definition: replacing [Root bean: class [null]; scope=; abstract=false; lazyInit=false; autowireMode=3; dependencyCheck=0; autowireCandidate=true; primary=false; factoryBeanName=mybatisPlusConfig; factoryMethodName=paginationInterceptor; initMethodName=null; destroyMethodName=(inferred); defined in class path resource [com/stylefeng/guns/user/config/MybatisPlusConfig.class]] with [Root bean: class [null]; scope=; abstract=false; lazyInit=false; autowireMode=3; dependencyCheck=0; autowireCandidate=true; primary=false; factoryBeanName=com.stylefeng.guns.core.config.SingleDataSourceConfig; factoryMethodName=paginationInterceptor; initMethodName=null; destroyMethodName=(inferred); defined in class path resource [com/stylefeng/guns/core/config/SingleDataSourceConfig.class]]
2019-07-16 14:59:59.711  WARN 3824 --- [main] o.m.s.mapper.ClassPathMapperScanner      : No MyBatis mapper was found in '[com.stylefeng.guns.modular.*.dao]' package. Please check your configuration.
2019-07-16 15:00:01.339  INFO 3824 --- [main] o.s.b.w.embedded.tomcat.TomcatWebServer  : Tomcat initialized with port(s): 8082 (http)
2019-07-16 15:00:01.388  INFO 3824 --- [main] o.apache.catalina.core.StandardService   : Starting service [Tomcat]
2019-07-16 15:00:01.389  INFO 3824 --- [main] org.apache.catalina.core.StandardEngine  : Starting Servlet Engine: Apache Tomcat/8.5.29
2019-07-16 15:00:01.398  INFO 3824 --- [localhost-startStop-1] o.a.catalina.core.AprLifecycleListener   : The APR based Apache Tomcat Native library which allows optimal performance in production environments was not found on the java.library.path: [C:\Program Files\Java\jdk1.8.0_201\bin;C:\Windows\Sun\Java\bin;C:\Windows\system32;C:\Windows;C:\Program Files (x86)\NetSarang\Xshell 6\;C:\Program Files (x86)\Common Files\Oracle\Java\javapath;C:\Windows\system32;C:\Windows;C:\Windows\System32\Wbem;C:\Windows\System32\WindowsPowerShell\v1.0\;C:\Program Files\Java\jdk1.8.0_201\\bin;C:\Program Files (x86)\Tencent\WeChat;F:\Maven\apache-maven-3.6.0\bin;C:\Program Files\MySQL\MySQL Server 5.7;C:\Program Files\nodejs\;C:\Program Files\MySQL\MySQL Shell 8.0\bin\;C:\Users\Administrator\AppData\Roaming\npm;.]
2019-07-16 15:00:01.606  INFO 3824 --- [localhost-startStop-1] o.a.c.c.C.[Tomcat].[localhost].[/]       : Initializing Spring embedded WebApplicationContext
2019-07-16 15:00:01.606  INFO 3824 --- [localhost-startStop-1] o.s.web.context.ContextLoader            : Root WebApplicationContext: initialization completed in 4662 ms
2019-07-16 15:00:01.895  INFO 3824 --- [localhost-startStop-1] o.s.b.w.servlet.ServletRegistrationBean  : Servlet dispatcherServlet mapped to [/]
2019-07-16 15:00:01.904  INFO 3824 --- [localhost-startStop-1] o.s.b.w.servlet.FilterRegistrationBean   : Mapping filter: 'characterEncodingFilter' to: [/*]
2019-07-16 15:00:01.905  INFO 3824 --- [localhost-startStop-1] o.s.b.w.servlet.FilterRegistrationBean   : Mapping filter: 'hiddenHttpMethodFilter' to: [/*]
2019-07-16 15:00:01.905  INFO 3824 --- [localhost-startStop-1] o.s.b.w.servlet.FilterRegistrationBean   : Mapping filter: 'httpPutFormContentFilter' to: [/*]
2019-07-16 15:00:01.905  INFO 3824 --- [localhost-startStop-1] o.s.b.w.servlet.FilterRegistrationBean   : Mapping filter: 'requestContextFilter' to: [/*]
2019-07-16 15:00:01.906  INFO 3824 --- [localhost-startStop-1] o.s.b.w.servlet.FilterRegistrationBean   : Mapping filter: 'jwtAuthenticationTokenFilter' to: [/*]
2019-07-16 15:00:01.930 DEBUG 3824 --- [localhost-startStop-1] c.s.g.u.modular.auth.filter.AuthFilter   : Initializing filter 'jwtAuthenticationTokenFilter'
2019-07-16 15:00:01.930 DEBUG 3824 --- [localhost-startStop-1] c.s.g.u.modular.auth.filter.AuthFilter   : Filter 'jwtAuthenticationTokenFilter' configured successfully
2019-07-16 15:00:03.105  INFO 3824 --- [main] com.alibaba.druid.pool.DruidDataSource   : {dataSource-1} inited
2019-07-16 15:00:04.174  INFO 3824 --- [main] s.w.s.m.m.a.RequestMappingHandlerAdapter : Looking for @ControllerAdvice: org.springframework.boot.web.servlet.context.AnnotationConfigServletWebServerApplicationContext@16d04d3d: startup date [Tue Jul 16 14:59:56 GMT+08:00 2019]; root of context hierarchy
2019-07-16 15:00:04.324  INFO 3824 --- [main] o.s.w.s.handler.SimpleUrlHandlerMapping  : Mapped URL path [/**/favicon.ico] onto handler of type [class org.springframework.web.servlet.resource.ResourceHttpRequestHandler]
2019-07-16 15:00:04.404  INFO 3824 --- [main] s.w.s.m.m.a.RequestMappingHandlerMapping : Mapped "{[/auth]}" onto public org.springframework.http.ResponseEntity<?> com.stylefeng.guns.rest.modular.auth.controller.AuthController.createAuthenticationToken(com.stylefeng.guns.rest.modular.auth.controller.dto.AuthRequest)
2019-07-16 15:00:04.408  INFO 3824 --- [main] s.w.s.m.m.a.RequestMappingHandlerMapping : Mapped "{[/hello]}" onto public org.springframework.http.ResponseEntity com.stylefeng.guns.rest.modular.example.ExampleController.hello(com.stylefeng.guns.rest.common.SimpleObject)
2019-07-16 15:00:04.410  INFO 3824 --- [main] s.w.s.m.m.a.RequestMappingHandlerMapping : Mapped "{[/product/getProductById]}" onto public com.stylefeng.guns.rest.common.persistence.model.Product com.stylefeng.guns.rest.modular.product.controller.ProductController.getProductById(java.lang.Integer)
2019-07-16 15:00:04.411  INFO 3824 --- [main] s.w.s.m.m.a.RequestMappingHandlerMapping : Mapped "{[/global/error]}" onto public java.lang.String com.stylefeng.guns.core.base.controller.GlobalController.errorPage()
2019-07-16 15:00:04.412  INFO 3824 --- [main] s.w.s.m.m.a.RequestMappingHandlerMapping : Mapped "{[/global/sessionError]}" onto public java.lang.String com.stylefeng.guns.core.base.controller.GlobalController.errorPageInfo(org.springframework.ui.Model)
2019-07-16 15:00:04.417  INFO 3824 --- [main] s.w.s.m.m.a.RequestMappingHandlerMapping : Mapped "{[/error]}" onto public org.springframework.http.ResponseEntity<java.util.Map<java.lang.String, java.lang.Object>> org.springframework.boot.autoconfigure.web.servlet.error.BasicErrorController.error(javax.servlet.http.HttpServletRequest)
2019-07-16 15:00:04.420  INFO 3824 --- [main] s.w.s.m.m.a.RequestMappingHandlerMapping : Mapped "{[/error],produces=[text/html]}" onto public org.springframework.web.servlet.ModelAndView org.springframework.boot.autoconfigure.web.servlet.error.BasicErrorController.errorHtml(javax.servlet.http.HttpServletRequest,javax.servlet.http.HttpServletResponse)
2019-07-16 15:00:04.500  INFO 3824 --- [main] o.s.w.s.handler.SimpleUrlHandlerMapping  : Mapped URL path [/webjars/**] onto handler of type [class org.springframework.web.servlet.resource.ResourceHttpRequestHandler]
2019-07-16 15:00:04.501  INFO 3824 --- [main] o.s.w.s.handler.SimpleUrlHandlerMapping  : Mapped URL path [/**] onto handler of type [class org.springframework.web.servlet.resource.ResourceHttpRequestHandler]
2019-07-16 15:00:04.554  INFO 3824 --- [main] .m.m.a.ExceptionHandlerExceptionResolver : Detected @ExceptionHandler methods in globalExceptionHandler
2019-07-16 15:00:05.334  INFO 3824 --- [main] o.s.j.e.a.AnnotationMBeanExporter        : Registering beans for JMX exposure on startup
2019-07-16 15:00:05.339  INFO 3824 --- [main] o.s.j.e.a.AnnotationMBeanExporter        : Bean with name 'dataSource' has been autodetected for JMX exposure
2019-07-16 15:00:05.356  INFO 3824 --- [main] o.s.j.e.a.AnnotationMBeanExporter        : Located MBean 'dataSource': registering with JMX server as MBean [com.alibaba.druid.pool:name=dataSource,type=DruidDataSource]
2019-07-16 15:00:05.449  INFO 3824 --- [main] o.s.b.w.embedded.tomcat.TomcatWebServer  : Tomcat started on port(s): 8082 (http) with context path ''
2019-07-16 15:00:05.458  INFO 3824 --- [main] c.s.guns.user.GunsCinemaApplication      : Started GunsCinemaApplication in 9.673 seconds (JVM running for 11.716)
2019-07-16 15:09:12.095  INFO 8288 --- [main] c.s.guns.user.GunsUserApplication        : Starting GunsUserApplication on ms-20190217jajz with PID 8288 (F:\mygit\reposiry1\myMicroserviceProject\MicroserviceProject\guns-user\target\classes started by Administrator in F:\mygit\reposiry1\myMicroserviceProject\MicroserviceProject)
2019-07-16 15:09:12.103 DEBUG 8288 --- [main] c.s.guns.user.GunsUserApplication        : Running with Spring Boot v2.0.1.RELEASE, Spring v5.0.5.RELEASE
2019-07-16 15:09:12.107  INFO 8288 --- [main] c.s.guns.user.GunsUserApplication        : No active profile set, falling back to default profiles: default
2019-07-16 15:09:12.385  INFO 8288 --- [main] ConfigServletWebServerApplicationContext : Refreshing org.springframework.boot.web.servlet.context.AnnotationConfigServletWebServerApplicationContext@5158b42f: startup date [Tue Jul 16 15:09:12 GMT+08:00 2019]; root of context hierarchy
2019-07-16 15:09:14.524  INFO 8288 --- [main] o.s.b.f.s.DefaultListableBeanFactory     : Overriding bean definition for bean 'error' with a different definition: replacing [Root bean: class [null]; scope=; abstract=false; lazyInit=false; autowireMode=3; dependencyCheck=0; autowireCandidate=true; primary=false; factoryBeanName=org.springframework.boot.autoconfigure.web.servlet.error.ErrorMvcAutoConfiguration$WhitelabelErrorViewConfiguration; factoryMethodName=defaultErrorView; initMethodName=null; destroyMethodName=(inferred); defined in class path resource [org/springframework/boot/autoconfigure/web/servlet/error/ErrorMvcAutoConfiguration$WhitelabelErrorViewConfiguration.class]] with [Root bean: class [null]; scope=; abstract=false; lazyInit=false; autowireMode=3; dependencyCheck=0; autowireCandidate=true; primary=false; factoryBeanName=com.stylefeng.guns.core.config.DefaultWebConfig; factoryMethodName=error; initMethodName=null; destroyMethodName=(inferred); defined in class path resource [com/stylefeng/guns/core/config/DefaultWebConfig.class]]
2019-07-16 15:09:14.527  INFO 8288 --- [main] o.s.b.f.s.DefaultListableBeanFactory     : Overriding bean definition for bean 'dataSource' with a different definition: replacing [Root bean: class [null]; scope=; abstract=false; lazyInit=false; autowireMode=3; dependencyCheck=0; autowireCandidate=true; primary=false; factoryBeanName=org.springframework.boot.autoconfigure.jdbc.DataSourceConfiguration$Hikari; factoryMethodName=dataSource; initMethodName=null; destroyMethodName=(inferred); defined in class path resource [org/springframework/boot/autoconfigure/jdbc/DataSourceConfiguration$Hikari.class]] with [Root bean: class [null]; scope=; abstract=false; lazyInit=false; autowireMode=3; dependencyCheck=0; autowireCandidate=true; primary=false; factoryBeanName=com.stylefeng.guns.core.config.SingleDataSourceConfig; factoryMethodName=dataSource; initMethodName=null; destroyMethodName=(inferred); defined in class path resource [com/stylefeng/guns/core/config/SingleDataSourceConfig.class]]
2019-07-16 15:09:14.528  INFO 8288 --- [main] o.s.b.f.s.DefaultListableBeanFactory     : Overriding bean definition for bean 'paginationInterceptor' with a different definition: replacing [Root bean: class [null]; scope=; abstract=false; lazyInit=false; autowireMode=3; dependencyCheck=0; autowireCandidate=true; primary=false; factoryBeanName=mybatisPlusConfig; factoryMethodName=paginationInterceptor; initMethodName=null; destroyMethodName=(inferred); defined in class path resource [com/stylefeng/guns/user/config/MybatisPlusConfig.class]] with [Root bean: class [null]; scope=; abstract=false; lazyInit=false; autowireMode=3; dependencyCheck=0; autowireCandidate=true; primary=false; factoryBeanName=com.stylefeng.guns.core.config.SingleDataSourceConfig; factoryMethodName=paginationInterceptor; initMethodName=null; destroyMethodName=(inferred); defined in class path resource [com/stylefeng/guns/core/config/SingleDataSourceConfig.class]]
2019-07-16 15:09:14.535  WARN 8288 --- [main] o.m.s.mapper.ClassPathMapperScanner      : No MyBatis mapper was found in '[com.stylefeng.guns.modular.*.dao]' package. Please check your configuration.
2019-07-16 15:09:15.760  INFO 8288 --- [main] o.s.b.w.embedded.tomcat.TomcatWebServer  : Tomcat initialized with port(s): 8083 (http)
2019-07-16 15:09:15.804  INFO 8288 --- [main] o.apache.catalina.core.StandardService   : Starting service [Tomcat]
2019-07-16 15:09:15.804  INFO 8288 --- [main] org.apache.catalina.core.StandardEngine  : Starting Servlet Engine: Apache Tomcat/8.5.29
2019-07-16 15:09:15.814  INFO 8288 --- [localhost-startStop-1] o.a.catalina.core.AprLifecycleListener   : The APR based Apache Tomcat Native library which allows optimal performance in production environments was not found on the java.library.path: [C:\Program Files\Java\jdk1.8.0_201\bin;C:\Windows\Sun\Java\bin;C:\Windows\system32;C:\Windows;C:\Program Files (x86)\NetSarang\Xshell 6\;C:\Program Files (x86)\Common Files\Oracle\Java\javapath;C:\Windows\system32;C:\Windows;C:\Windows\System32\Wbem;C:\Windows\System32\WindowsPowerShell\v1.0\;C:\Program Files\Java\jdk1.8.0_201\\bin;C:\Program Files (x86)\Tencent\WeChat;F:\Maven\apache-maven-3.6.0\bin;C:\Program Files\MySQL\MySQL Server 5.7;C:\Program Files\nodejs\;C:\Program Files\MySQL\MySQL Shell 8.0\bin\;C:\Users\Administrator\AppData\Roaming\npm;.]
2019-07-16 15:09:16.037  INFO 8288 --- [localhost-startStop-1] o.a.c.c.C.[Tomcat].[localhost].[/]       : Initializing Spring embedded WebApplicationContext
2019-07-16 15:09:16.037  INFO 8288 --- [localhost-startStop-1] o.s.web.context.ContextLoader            : Root WebApplicationContext: initialization completed in 3652 ms
2019-07-16 15:09:16.355  INFO 8288 --- [localhost-startStop-1] o.s.b.w.servlet.ServletRegistrationBean  : Servlet dispatcherServlet mapped to [/]
2019-07-16 15:09:16.363  INFO 8288 --- [localhost-startStop-1] o.s.b.w.servlet.FilterRegistrationBean   : Mapping filter: 'characterEncodingFilter' to: [/*]
2019-07-16 15:09:16.364  INFO 8288 --- [localhost-startStop-1] o.s.b.w.servlet.FilterRegistrationBean   : Mapping filter: 'hiddenHttpMethodFilter' to: [/*]
2019-07-16 15:09:16.365  INFO 8288 --- [localhost-startStop-1] o.s.b.w.servlet.FilterRegistrationBean   : Mapping filter: 'httpPutFormContentFilter' to: [/*]
2019-07-16 15:09:16.365  INFO 8288 --- [localhost-startStop-1] o.s.b.w.servlet.FilterRegistrationBean   : Mapping filter: 'requestContextFilter' to: [/*]
2019-07-16 15:09:16.366  INFO 8288 --- [localhost-startStop-1] o.s.b.w.servlet.FilterRegistrationBean   : Mapping filter: 'jwtAuthenticationTokenFilter' to: [/*]
2019-07-16 15:09:16.393 DEBUG 8288 --- [localhost-startStop-1] c.s.g.u.modular.auth.filter.AuthFilter   : Initializing filter 'jwtAuthenticationTokenFilter'
2019-07-16 15:09:16.394 DEBUG 8288 --- [localhost-startStop-1] c.s.g.u.modular.auth.filter.AuthFilter   : Filter 'jwtAuthenticationTokenFilter' configured successfully
2019-07-16 15:09:17.566  INFO 8288 --- [main] com.alibaba.druid.pool.DruidDataSource   : {dataSource-1} inited
2019-07-16 15:09:18.783  INFO 8288 --- [main] s.w.s.m.m.a.RequestMappingHandlerAdapter : Looking for @ControllerAdvice: org.springframework.boot.web.servlet.context.AnnotationConfigServletWebServerApplicationContext@5158b42f: startup date [Tue Jul 16 15:09:12 GMT+08:00 2019]; root of context hierarchy
2019-07-16 15:09:18.909  INFO 8288 --- [main] o.s.w.s.handler.SimpleUrlHandlerMapping  : Mapped URL path [/**/favicon.ico] onto handler of type [class org.springframework.web.servlet.resource.ResourceHttpRequestHandler]
2019-07-16 15:09:18.976  INFO 8288 --- [main] s.w.s.m.m.a.RequestMappingHandlerMapping : Mapped "{[/auth]}" onto public org.springframework.http.ResponseEntity<?> com.stylefeng.guns.rest.modular.auth.controller.AuthController.createAuthenticationToken(com.stylefeng.guns.rest.modular.auth.controller.dto.AuthRequest)
2019-07-16 15:09:18.980  INFO 8288 --- [main] s.w.s.m.m.a.RequestMappingHandlerMapping : Mapped "{[/hello]}" onto public org.springframework.http.ResponseEntity com.stylefeng.guns.rest.modular.example.ExampleController.hello(com.stylefeng.guns.rest.common.SimpleObject)
2019-07-16 15:09:18.982  INFO 8288 --- [main] s.w.s.m.m.a.RequestMappingHandlerMapping : Mapped "{[/product/getProductById]}" onto public com.stylefeng.guns.rest.common.persistence.model.Product com.stylefeng.guns.rest.modular.product.controller.ProductController.getProductById(java.lang.Integer)
2019-07-16 15:09:18.984  INFO 8288 --- [main] s.w.s.m.m.a.RequestMappingHandlerMapping : Mapped "{[/global/sessionError]}" onto public java.lang.String com.stylefeng.guns.core.base.controller.GlobalController.errorPageInfo(org.springframework.ui.Model)
2019-07-16 15:09:18.985  INFO 8288 --- [main] s.w.s.m.m.a.RequestMappingHandlerMapping : Mapped "{[/global/error]}" onto public java.lang.String com.stylefeng.guns.core.base.controller.GlobalController.errorPage()
2019-07-16 15:09:18.991  INFO 8288 --- [main] s.w.s.m.m.a.RequestMappingHandlerMapping : Mapped "{[/error]}" onto public org.springframework.http.ResponseEntity<java.util.Map<java.lang.String, java.lang.Object>> org.springframework.boot.autoconfigure.web.servlet.error.BasicErrorController.error(javax.servlet.http.HttpServletRequest)
2019-07-16 15:09:18.993  INFO 8288 --- [main] s.w.s.m.m.a.RequestMappingHandlerMapping : Mapped "{[/error],produces=[text/html]}" onto public org.springframework.web.servlet.ModelAndView org.springframework.boot.autoconfigure.web.servlet.error.BasicErrorController.errorHtml(javax.servlet.http.HttpServletRequest,javax.servlet.http.HttpServletResponse)
2019-07-16 15:09:19.084  INFO 8288 --- [main] o.s.w.s.handler.SimpleUrlHandlerMapping  : Mapped URL path [/webjars/**] onto handler of type [class org.springframework.web.servlet.resource.ResourceHttpRequestHandler]
2019-07-16 15:09:19.085  INFO 8288 --- [main] o.s.w.s.handler.SimpleUrlHandlerMapping  : Mapped URL path [/**] onto handler of type [class org.springframework.web.servlet.resource.ResourceHttpRequestHandler]
2019-07-16 15:09:19.136  INFO 8288 --- [main] .m.m.a.ExceptionHandlerExceptionResolver : Detected @ExceptionHandler methods in globalExceptionHandler
2019-07-16 15:09:19.881  INFO 8288 --- [main] o.s.j.e.a.AnnotationMBeanExporter        : Registering beans for JMX exposure on startup
2019-07-16 15:09:19.885  INFO 8288 --- [main] o.s.j.e.a.AnnotationMBeanExporter        : Bean with name 'dataSource' has been autodetected for JMX exposure
2019-07-16 15:09:19.923  INFO 8288 --- [main] o.s.j.e.a.AnnotationMBeanExporter        : Located MBean 'dataSource': registering with JMX server as MBean [com.alibaba.druid.pool:name=dataSource,type=DruidDataSource]
2019-07-16 15:09:19.987  INFO 8288 --- [main] o.s.b.w.embedded.tomcat.TomcatWebServer  : Tomcat started on port(s): 8083 (http) with context path ''
2019-07-16 15:09:19.993  INFO 8288 --- [main] c.s.guns.user.GunsUserApplication        : Started GunsUserApplication in 9.646 seconds (JVM running for 14.791)
